{"/Users/mk/Projects/lyfestyle/assets/dummyImages/tempAvatar.jpg": {"path":"/Users/mk/Projects/lyfestyle/assets/dummyImages/tempAvatar.jpg","statementMap":{"0":{"start":{"line":1,"column":0},"end":{"line":1,"column":19}}},"fnMap":{},"branchMap":{},"s":{"0":1},"f":{},"b":{},"inputSourceMap":null,"_coverageSchema":"1a1c01bbd47fc00a2c39e90264f33305004495a9","hash":"cc1594db4b59286defee6468a7cccd09bc30c6bc"}
,"/Users/mk/Projects/lyfestyle/assets/dummyImages/tempImage1.jpg": {"path":"/Users/mk/Projects/lyfestyle/assets/dummyImages/tempImage1.jpg","statementMap":{"0":{"start":{"line":1,"column":0},"end":{"line":1,"column":19}}},"fnMap":{},"branchMap":{},"s":{"0":1},"f":{},"b":{},"inputSourceMap":null,"_coverageSchema":"1a1c01bbd47fc00a2c39e90264f33305004495a9","hash":"8d125a2f5005a5875d23b9c4a293d8ec0d861573"}
,"/Users/mk/Projects/lyfestyle/assets/dummyImages/tempImage2.jpg": {"path":"/Users/mk/Projects/lyfestyle/assets/dummyImages/tempImage2.jpg","statementMap":{"0":{"start":{"line":1,"column":0},"end":{"line":1,"column":19}}},"fnMap":{},"branchMap":{},"s":{"0":1},"f":{},"b":{},"inputSourceMap":null,"_coverageSchema":"1a1c01bbd47fc00a2c39e90264f33305004495a9","hash":"88951a30dbaa8b52734f60d69f318c1f73f41f34"}
,"/Users/mk/Projects/lyfestyle/assets/dummyImages/tempImage3.jpg": {"path":"/Users/mk/Projects/lyfestyle/assets/dummyImages/tempImage3.jpg","statementMap":{"0":{"start":{"line":1,"column":0},"end":{"line":1,"column":19}}},"fnMap":{},"branchMap":{},"s":{"0":1},"f":{},"b":{},"inputSourceMap":null,"_coverageSchema":"1a1c01bbd47fc00a2c39e90264f33305004495a9","hash":"67260042e53fbaa125d58056b8fda8e917149f9a"}
,"/Users/mk/Projects/lyfestyle/assets/dummyImages/tempImage4.jpg": {"path":"/Users/mk/Projects/lyfestyle/assets/dummyImages/tempImage4.jpg","statementMap":{"0":{"start":{"line":1,"column":0},"end":{"line":1,"column":19}}},"fnMap":{},"branchMap":{},"s":{"0":1},"f":{},"b":{},"inputSourceMap":null,"_coverageSchema":"1a1c01bbd47fc00a2c39e90264f33305004495a9","hash":"b04db57dcc1a7f0b8bbd458e3665cd9d16874458"}
,"/Users/mk/Projects/lyfestyle/assets/images/1.jpg": {"path":"/Users/mk/Projects/lyfestyle/assets/images/1.jpg","statementMap":{"0":{"start":{"line":1,"column":0},"end":{"line":1,"column":19}}},"fnMap":{},"branchMap":{},"s":{"0":1},"f":{},"b":{},"inputSourceMap":null,"_coverageSchema":"1a1c01bbd47fc00a2c39e90264f33305004495a9","hash":"438aa9ee9acfea10d2ad20775307fe92f5c2d198"}
,"/Users/mk/Projects/lyfestyle/assets/images/2.jpg": {"path":"/Users/mk/Projects/lyfestyle/assets/images/2.jpg","statementMap":{"0":{"start":{"line":1,"column":0},"end":{"line":1,"column":19}}},"fnMap":{},"branchMap":{},"s":{"0":1},"f":{},"b":{},"inputSourceMap":null,"_coverageSchema":"1a1c01bbd47fc00a2c39e90264f33305004495a9","hash":"372c86c8a933fe9ba91147d67d3cd20dbdd02fae"}
,"/Users/mk/Projects/lyfestyle/assets/images/3.jpg": {"path":"/Users/mk/Projects/lyfestyle/assets/images/3.jpg","statementMap":{"0":{"start":{"line":1,"column":0},"end":{"line":1,"column":19}}},"fnMap":{},"branchMap":{},"s":{"0":1},"f":{},"b":{},"inputSourceMap":null,"_coverageSchema":"1a1c01bbd47fc00a2c39e90264f33305004495a9","hash":"8de16461680396b8eadd13fa03575ff4d53ddc39"}
,"/Users/mk/Projects/lyfestyle/assets/images/4.jpg": {"path":"/Users/mk/Projects/lyfestyle/assets/images/4.jpg","statementMap":{"0":{"start":{"line":1,"column":0},"end":{"line":1,"column":19}}},"fnMap":{},"branchMap":{},"s":{"0":1},"f":{},"b":{},"inputSourceMap":null,"_coverageSchema":"1a1c01bbd47fc00a2c39e90264f33305004495a9","hash":"3653a74a6e5966f2b9932da17c46020b1817bef5"}
,"/Users/mk/Projects/lyfestyle/assets/images/5.jpg": {"path":"/Users/mk/Projects/lyfestyle/assets/images/5.jpg","statementMap":{"0":{"start":{"line":1,"column":0},"end":{"line":1,"column":19}}},"fnMap":{},"branchMap":{},"s":{"0":1},"f":{},"b":{},"inputSourceMap":null,"_coverageSchema":"1a1c01bbd47fc00a2c39e90264f33305004495a9","hash":"e18bb8d1d8564791c97d2c5f94a61d32fda30674"}
,"/Users/mk/Projects/lyfestyle/assets/images/6.jpg": {"path":"/Users/mk/Projects/lyfestyle/assets/images/6.jpg","statementMap":{"0":{"start":{"line":1,"column":0},"end":{"line":1,"column":19}}},"fnMap":{},"branchMap":{},"s":{"0":1},"f":{},"b":{},"inputSourceMap":null,"_coverageSchema":"1a1c01bbd47fc00a2c39e90264f33305004495a9","hash":"7a0d1cdfc38393dd2fe411be4a88590808e39498"}
,"/Users/mk/Projects/lyfestyle/assets/images/7.jpg": {"path":"/Users/mk/Projects/lyfestyle/assets/images/7.jpg","statementMap":{"0":{"start":{"line":1,"column":0},"end":{"line":1,"column":19}}},"fnMap":{},"branchMap":{},"s":{"0":1},"f":{},"b":{},"inputSourceMap":null,"_coverageSchema":"1a1c01bbd47fc00a2c39e90264f33305004495a9","hash":"db9b92b3bf4a395467aa41d58c9d1f1ad760091f"}
,"/Users/mk/Projects/lyfestyle/assets/images/lyfestyle.png": {"path":"/Users/mk/Projects/lyfestyle/assets/images/lyfestyle.png","statementMap":{"0":{"start":{"line":1,"column":0},"end":{"line":1,"column":19}}},"fnMap":{},"branchMap":{},"s":{"0":2},"f":{},"b":{},"inputSourceMap":null,"_coverageSchema":"1a1c01bbd47fc00a2c39e90264f33305004495a9","hash":"16fa5a1e0a194b714a3fb636fe11d520fabb03cd"}
,"/Users/mk/Projects/lyfestyle/assets/images/profile_pic.jpg": {"path":"/Users/mk/Projects/lyfestyle/assets/images/profile_pic.jpg","statementMap":{"0":{"start":{"line":1,"column":0},"end":{"line":1,"column":19}}},"fnMap":{},"branchMap":{},"s":{"0":1},"f":{},"b":{},"inputSourceMap":null,"_coverageSchema":"1a1c01bbd47fc00a2c39e90264f33305004495a9","hash":"c344b456ac4c16d7f7c8476e75ebc11028520983"}
,"/Users/mk/Projects/lyfestyle/components/StyledText.js": {"path":"/Users/mk/Projects/lyfestyle/components/StyledText.js","statementMap":{"0":{"start":{"line":5,"column":2},"end":{"line":5,"column":81}}},"fnMap":{"0":{"name":"MonoText","decl":{"start":{"line":4,"column":16},"end":{"line":4,"column":24}},"loc":{"start":{"line":4,"column":32},"end":{"line":6,"column":1}},"line":4}},"branchMap":{},"s":{"0":1},"f":{"0":1},"b":{},"_coverageSchema":"1a1c01bbd47fc00a2c39e90264f33305004495a9","hash":"609766bcb05ecdc84eb340a34a61f40f045cb746"}
,"/Users/mk/Projects/lyfestyle/constants/AuthContext.js": {"path":"/Users/mk/Projects/lyfestyle/constants/AuthContext.js","statementMap":{"0":{"start":{"line":3,"column":20},"end":{"line":3,"column":41}}},"fnMap":{},"branchMap":{},"s":{"0":4},"f":{},"b":{},"_coverageSchema":"1a1c01bbd47fc00a2c39e90264f33305004495a9","hash":"d6977d0ea8e393e47f5076315bc541888d40589e"}
,"/Users/mk/Projects/lyfestyle/constants/ChatServiceContext.js": {"path":"/Users/mk/Projects/lyfestyle/constants/ChatServiceContext.js","statementMap":{"0":{"start":{"line":3,"column":27},"end":{"line":3,"column":48}}},"fnMap":{},"branchMap":{},"s":{"0":2},"f":{},"b":{},"_coverageSchema":"1a1c01bbd47fc00a2c39e90264f33305004495a9","hash":"82d08b28e9c31946e3c8e1d734afb2914f3428bc"}
,"/Users/mk/Projects/lyfestyle/constants/firebase.js": {"path":"/Users/mk/Projects/lyfestyle/constants/firebase.js","statementMap":{"0":{"start":{"line":2,"column":0},"end":{"line":2,"column":30}},"1":{"start":{"line":4,"column":15},"end":{"line":12,"column":1}},"2":{"start":{"line":14,"column":17},"end":{"line":14,"column":47}}},"fnMap":{},"branchMap":{},"s":{"0":6,"1":6,"2":6},"f":{},"b":{},"_coverageSchema":"1a1c01bbd47fc00a2c39e90264f33305004495a9","hash":"0b33e91106b60dc466c9f3058f74332be139a17c"}
,"/Users/mk/Projects/lyfestyle/screens/ChatScreen.js": {"path":"/Users/mk/Projects/lyfestyle/screens/ChatScreen.js","statementMap":{"0":{"start":{"line":24,"column":2},"end":{"line":37,"column":3}},"1":{"start":{"line":47,"column":20},"end":{"line":47,"column":56}},"2":{"start":{"line":49,"column":32},"end":{"line":49,"column":50}},"3":{"start":{"line":50,"column":42},"end":{"line":50,"column":90}},"4":{"start":{"line":51,"column":32},"end":{"line":51,"column":50}},"5":{"start":{"line":52,"column":40},"end":{"line":52,"column":61}},"6":{"start":{"line":53,"column":30},"end":{"line":53,"column":72}},"7":{"start":{"line":56,"column":21},"end":{"line":60,"column":3}},"8":{"start":{"line":57,"column":19},"end":{"line":57,"column":63}},"9":{"start":{"line":58,"column":4},"end":{"line":58,"column":65}},"10":{"start":{"line":59,"column":4},"end":{"line":59,"column":26}},"11":{"start":{"line":63,"column":2},"end":{"line":73,"column":9}},"12":{"start":{"line":64,"column":24},"end":{"line":69,"column":6}},"13":{"start":{"line":66,"column":6},"end":{"line":68,"column":7}},"14":{"start":{"line":67,"column":8},"end":{"line":67,"column":23}},"15":{"start":{"line":70,"column":4},"end":{"line":70,"column":47}},"16":{"start":{"line":72,"column":4},"end":{"line":72,"column":23}},"17":{"start":{"line":76,"column":2},"end":{"line":120,"column":9}},"18":{"start":{"line":78,"column":21},"end":{"line":81,"column":7}},"19":{"start":{"line":84,"column":25},"end":{"line":84,"column":27}},"20":{"start":{"line":85,"column":18},"end":{"line":85,"column":20}},"21":{"start":{"line":88,"column":6},"end":{"line":96,"column":7}},"22":{"start":{"line":89,"column":8},"end":{"line":91,"column":9}},"23":{"start":{"line":90,"column":10},"end":{"line":90,"column":51}},"24":{"start":{"line":92,"column":8},"end":{"line":92,"column":41}},"25":{"start":{"line":95,"column":8},"end":{"line":95,"column":108}},"26":{"start":{"line":99,"column":6},"end":{"line":105,"column":7}},"27":{"start":{"line":100,"column":8},"end":{"line":104,"column":9}},"28":{"start":{"line":108,"column":6},"end":{"line":110,"column":7}},"29":{"start":{"line":109,"column":8},"end":{"line":109,"column":29}},"30":{"start":{"line":112,"column":6},"end":{"line":112,"column":28}},"31":{"start":{"line":113,"column":6},"end":{"line":116,"column":9}},"32":{"start":{"line":117,"column":6},"end":{"line":117,"column":28}},"33":{"start":{"line":119,"column":4},"end":{"line":119,"column":21}},"34":{"start":{"line":124,"column":2},"end":{"line":131,"column":25}},"35":{"start":{"line":125,"column":24},"end":{"line":128,"column":6}},"36":{"start":{"line":126,"column":6},"end":{"line":126,"column":41}},"37":{"start":{"line":127,"column":6},"end":{"line":127,"column":50}},"38":{"start":{"line":130,"column":4},"end":{"line":130,"column":23}},"39":{"start":{"line":134,"column":2},"end":{"line":141,"column":25}},"40":{"start":{"line":135,"column":24},"end":{"line":138,"column":6}},"41":{"start":{"line":136,"column":6},"end":{"line":136,"column":41}},"42":{"start":{"line":137,"column":6},"end":{"line":137,"column":36}},"43":{"start":{"line":140,"column":4},"end":{"line":140,"column":23}},"44":{"start":{"line":145,"column":15},"end":{"line":163,"column":3}},"45":{"start":{"line":146,"column":4},"end":{"line":146,"column":47}},"46":{"start":{"line":149,"column":4},"end":{"line":162,"column":5}},"47":{"start":{"line":150,"column":6},"end":{"line":152,"column":8}},"48":{"start":{"line":151,"column":8},"end":{"line":151,"column":53}},"49":{"start":{"line":153,"column":29},"end":{"line":153,"column":107}},"50":{"start":{"line":154,"column":6},"end":{"line":154,"column":41}},"51":{"start":{"line":158,"column":6},"end":{"line":160,"column":8}},"52":{"start":{"line":159,"column":8},"end":{"line":159,"column":53}},"53":{"start":{"line":161,"column":6},"end":{"line":161,"column":66}},"54":{"start":{"line":165,"column":2},"end":{"line":183,"column":4}},"55":{"start":{"line":178,"column":30},"end":{"line":178,"column":46}}},"fnMap":{"0":{"name":"getChatUpdate","decl":{"start":{"line":23,"column":9},"end":{"line":23,"column":22}},"loc":{"start":{"line":23,"column":25},"end":{"line":38,"column":1}},"line":23},"1":{"name":"ChatScreen","decl":{"start":{"line":46,"column":24},"end":{"line":46,"column":34}},"loc":{"start":{"line":46,"column":42},"end":{"line":184,"column":1}},"line":46},"2":{"name":"(anonymous_2)","decl":{"start":{"line":56,"column":21},"end":{"line":56,"column":22}},"loc":{"start":{"line":56,"column":33},"end":{"line":60,"column":3}},"line":56},"3":{"name":"(anonymous_3)","decl":{"start":{"line":63,"column":19},"end":{"line":63,"column":20}},"loc":{"start":{"line":63,"column":25},"end":{"line":73,"column":3}},"line":63},"4":{"name":"(anonymous_4)","decl":{"start":{"line":64,"column":55},"end":{"line":64,"column":56}},"loc":{"start":{"line":64,"column":73},"end":{"line":69,"column":5}},"line":64},"5":{"name":"(anonymous_5)","decl":{"start":{"line":76,"column":19},"end":{"line":76,"column":20}},"loc":{"start":{"line":76,"column":25},"end":{"line":120,"column":3}},"line":76},"6":{"name":"initializeData","decl":{"start":{"line":77,"column":19},"end":{"line":77,"column":33}},"loc":{"start":{"line":77,"column":36},"end":{"line":118,"column":5}},"line":77},"7":{"name":"(anonymous_7)","decl":{"start":{"line":124,"column":18},"end":{"line":124,"column":19}},"loc":{"start":{"line":124,"column":24},"end":{"line":131,"column":3}},"line":124},"8":{"name":"(anonymous_8)","decl":{"start":{"line":125,"column":62},"end":{"line":125,"column":63}},"loc":{"start":{"line":125,"column":74},"end":{"line":128,"column":5}},"line":125},"9":{"name":"(anonymous_9)","decl":{"start":{"line":134,"column":18},"end":{"line":134,"column":19}},"loc":{"start":{"line":134,"column":24},"end":{"line":141,"column":3}},"line":134},"10":{"name":"(anonymous_10)","decl":{"start":{"line":135,"column":61},"end":{"line":135,"column":62}},"loc":{"start":{"line":135,"column":73},"end":{"line":138,"column":5}},"line":135},"11":{"name":"(anonymous_11)","decl":{"start":{"line":145,"column":15},"end":{"line":145,"column":16}},"loc":{"start":{"line":145,"column":40},"end":{"line":163,"column":3}},"line":145},"12":{"name":"(anonymous_12)","decl":{"start":{"line":150,"column":18},"end":{"line":150,"column":19}},"loc":{"start":{"line":151,"column":8},"end":{"line":151,"column":53}},"line":151},"13":{"name":"(anonymous_13)","decl":{"start":{"line":158,"column":18},"end":{"line":158,"column":19}},"loc":{"start":{"line":159,"column":8},"end":{"line":159,"column":53}},"line":159},"14":{"name":"(anonymous_14)","decl":{"start":{"line":178,"column":18},"end":{"line":178,"column":19}},"loc":{"start":{"line":178,"column":30},"end":{"line":178,"column":46}},"line":178}},"branchMap":{"0":{"loc":{"start":{"line":66,"column":6},"end":{"line":68,"column":7}},"type":"if","locations":[{"start":{"line":66,"column":6},"end":{"line":68,"column":7}},{"start":{"line":66,"column":6},"end":{"line":68,"column":7}}],"line":66},"1":{"loc":{"start":{"line":88,"column":6},"end":{"line":96,"column":7}},"type":"if","locations":[{"start":{"line":88,"column":6},"end":{"line":96,"column":7}},{"start":{"line":88,"column":6},"end":{"line":96,"column":7}}],"line":88},"2":{"loc":{"start":{"line":108,"column":6},"end":{"line":110,"column":7}},"type":"if","locations":[{"start":{"line":108,"column":6},"end":{"line":110,"column":7}},{"start":{"line":108,"column":6},"end":{"line":110,"column":7}}],"line":108},"3":{"loc":{"start":{"line":145,"column":22},"end":{"line":145,"column":35}},"type":"default-arg","locations":[{"start":{"line":145,"column":33},"end":{"line":145,"column":35}}],"line":145},"4":{"loc":{"start":{"line":149,"column":4},"end":{"line":162,"column":5}},"type":"if","locations":[{"start":{"line":149,"column":4},"end":{"line":162,"column":5}},{"start":{"line":149,"column":4},"end":{"line":162,"column":5}}],"line":149},"5":{"loc":{"start":{"line":166,"column":4},"end":{"line":182,"column":5}},"type":"cond-expr","locations":[{"start":{"line":168,"column":8},"end":{"line":171,"column":23}},{"start":{"line":175,"column":6},"end":{"line":181,"column":13}}],"line":166}},"s":{"0":0,"1":1,"2":1,"3":1,"4":0,"5":0,"6":0,"7":0,"8":0,"9":0,"10":0,"11":0,"12":0,"13":0,"14":0,"15":0,"16":0,"17":0,"18":0,"19":0,"20":0,"21":0,"22":0,"23":0,"24":0,"25":0,"26":0,"27":0,"28":0,"29":0,"30":0,"31":0,"32":0,"33":0,"34":0,"35":0,"36":0,"37":0,"38":0,"39":0,"40":0,"41":0,"42":0,"43":0,"44":0,"45":0,"46":0,"47":0,"48":0,"49":0,"50":0,"51":0,"52":0,"53":0,"54":0,"55":0},"f":{"0":0,"1":1,"2":0,"3":0,"4":0,"5":0,"6":0,"7":0,"8":0,"9":0,"10":0,"11":0,"12":0,"13":0,"14":0},"b":{"0":[0,0],"1":[0,0],"2":[0,0],"3":[0],"4":[0,0],"5":[0,0]},"_coverageSchema":"1a1c01bbd47fc00a2c39e90264f33305004495a9","hash":"5844685456bfcbe47762c7e447c1e5a63a770bb7"}
,"/Users/mk/Projects/lyfestyle/screens/ChatSelectScreen.js": {"path":"/Users/mk/Projects/lyfestyle/screens/ChatSelectScreen.js","statementMap":{"0":{"start":{"line":25,"column":14},"end":{"line":25,"column":29}},"1":{"start":{"line":26,"column":16},"end":{"line":26,"column":33}},"2":{"start":{"line":27,"column":13},"end":{"line":27,"column":38}},"3":{"start":{"line":28,"column":2},"end":{"line":28,"column":21}},"4":{"start":{"line":29,"column":2},"end":{"line":29,"column":29}},"5":{"start":{"line":30,"column":2},"end":{"line":30,"column":49}},"6":{"start":{"line":31,"column":16},"end":{"line":31,"column":50}},"7":{"start":{"line":32,"column":2},"end":{"line":32,"column":17}},"8":{"start":{"line":41,"column":24},"end":{"line":41,"column":102}},"9":{"start":{"line":42,"column":2},"end":{"line":42,"column":68}},"10":{"start":{"line":44,"column":19},"end":{"line":44,"column":21}},"11":{"start":{"line":45,"column":2},"end":{"line":47,"column":3}},"12":{"start":{"line":46,"column":4},"end":{"line":46,"column":42}},"13":{"start":{"line":48,"column":23},"end":{"line":48,"column":44}},"14":{"start":{"line":51,"column":12},"end":{"line":51,"column":22}},"15":{"start":{"line":52,"column":18},"end":{"line":52,"column":37}},"16":{"start":{"line":53,"column":20},"end":{"line":53,"column":22}},"17":{"start":{"line":55,"column":2},"end":{"line":64,"column":3}},"18":{"start":{"line":56,"column":4},"end":{"line":56,"column":127}},"19":{"start":{"line":59,"column":7},"end":{"line":64,"column":3}},"20":{"start":{"line":60,"column":4},"end":{"line":60,"column":56}},"21":{"start":{"line":63,"column":4},"end":{"line":63,"column":44}},"22":{"start":{"line":66,"column":2},"end":{"line":77,"column":4}},"23":{"start":{"line":81,"column":2},"end":{"line":87,"column":4}},"24":{"start":{"line":91,"column":2},"end":{"line":97,"column":4}},"25":{"start":{"line":100,"column":19},"end":{"line":102,"column":1}},"26":{"start":{"line":101,"column":2},"end":{"line":101,"column":47}},"27":{"start":{"line":107,"column":20},"end":{"line":107,"column":56}},"28":{"start":{"line":108,"column":22},"end":{"line":108,"column":41}},"29":{"start":{"line":110,"column":40},"end":{"line":110,"column":58}},"30":{"start":{"line":111,"column":52},"end":{"line":111,"column":73}},"31":{"start":{"line":112,"column":36},"end":{"line":112,"column":54}},"32":{"start":{"line":113,"column":38},"end":{"line":113,"column":56}},"33":{"start":{"line":114,"column":58},"end":{"line":114,"column":79}},"34":{"start":{"line":115,"column":52},"end":{"line":115,"column":70}},"35":{"start":{"line":116,"column":36},"end":{"line":116,"column":54}},"36":{"start":{"line":117,"column":58},"end":{"line":117,"column":79}},"37":{"start":{"line":118,"column":44},"end":{"line":118,"column":63}},"38":{"start":{"line":121,"column":2},"end":{"line":127,"column":9}},"39":{"start":{"line":122,"column":4},"end":{"line":122,"column":45}},"40":{"start":{"line":123,"column":4},"end":{"line":126,"column":7}},"41":{"start":{"line":125,"column":6},"end":{"line":125,"column":21}},"42":{"start":{"line":130,"column":19},"end":{"line":134,"column":3}},"43":{"start":{"line":131,"column":4},"end":{"line":133,"column":5}},"44":{"start":{"line":132,"column":6},"end":{"line":132,"column":32}},"45":{"start":{"line":136,"column":20},"end":{"line":145,"column":3}},"46":{"start":{"line":139,"column":4},"end":{"line":139,"column":29}},"47":{"start":{"line":141,"column":20},"end":{"line":141,"column":33}},"48":{"start":{"line":142,"column":22},"end":{"line":142,"column":69}},"49":{"start":{"line":142,"column":49},"end":{"line":142,"column":68}},"50":{"start":{"line":143,"column":4},"end":{"line":143,"column":33}},"51":{"start":{"line":144,"column":4},"end":{"line":144,"column":25}},"52":{"start":{"line":147,"column":23},"end":{"line":149,"column":3}},"53":{"start":{"line":148,"column":4},"end":{"line":148,"column":43}},"54":{"start":{"line":151,"column":21},"end":{"line":183,"column":3}},"55":{"start":{"line":161,"column":21},"end":{"line":163,"column":4}},"56":{"start":{"line":164,"column":3},"end":{"line":164,"column":26}},"57":{"start":{"line":165,"column":4},"end":{"line":182,"column":5}},"58":{"start":{"line":168,"column":10},"end":{"line":168,"column":58}},"59":{"start":{"line":169,"column":10},"end":{"line":169,"column":75}},"60":{"start":{"line":185,"column":27},"end":{"line":205,"column":3}},"61":{"start":{"line":186,"column":4},"end":{"line":204,"column":11}},"62":{"start":{"line":190,"column":23},"end":{"line":190,"column":57}},"63":{"start":{"line":198,"column":10},"end":{"line":198,"column":64}},"64":{"start":{"line":199,"column":10},"end":{"line":199,"column":25}},"65":{"start":{"line":207,"column":22},"end":{"line":211,"column":3}},"66":{"start":{"line":208,"column":19},"end":{"line":208,"column":76}},"67":{"start":{"line":209,"column":4},"end":{"line":209,"column":62}},"68":{"start":{"line":210,"column":4},"end":{"line":210,"column":20}},"69":{"start":{"line":213,"column":23},"end":{"line":223,"column":3}},"70":{"start":{"line":218,"column":26},"end":{"line":218,"column":65}},"71":{"start":{"line":221,"column":4},"end":{"line":221,"column":37}},"72":{"start":{"line":222,"column":4},"end":{"line":222,"column":32}},"73":{"start":{"line":225,"column":25},"end":{"line":233,"column":3}},"74":{"start":{"line":226,"column":22},"end":{"line":226,"column":65}},"75":{"start":{"line":227,"column":4},"end":{"line":231,"column":5}},"76":{"start":{"line":228,"column":6},"end":{"line":230,"column":9}},"77":{"start":{"line":229,"column":8},"end":{"line":229,"column":51}},"78":{"start":{"line":232,"column":4},"end":{"line":232,"column":23}},"79":{"start":{"line":236,"column":28},"end":{"line":249,"column":3}},"80":{"start":{"line":238,"column":24},"end":{"line":238,"column":62}},"81":{"start":{"line":239,"column":4},"end":{"line":248,"column":5}},"82":{"start":{"line":240,"column":6},"end":{"line":240,"column":37}},"83":{"start":{"line":241,"column":6},"end":{"line":241,"column":35}},"84":{"start":{"line":244,"column":6},"end":{"line":247,"column":9}},"85":{"start":{"line":252,"column":2},"end":{"line":259,"column":19}},"86":{"start":{"line":253,"column":24},"end":{"line":256,"column":6}},"87":{"start":{"line":255,"column":6},"end":{"line":255,"column":21}},"88":{"start":{"line":258,"column":4},"end":{"line":258,"column":23}},"89":{"start":{"line":262,"column":2},"end":{"line":504,"column":4}},"90":{"start":{"line":274,"column":14},"end":{"line":274,"column":45}},"91":{"start":{"line":284,"column":14},"end":{"line":284,"column":45}},"92":{"start":{"line":300,"column":30},"end":{"line":300,"column":49}},"93":{"start":{"line":332,"column":16},"end":{"line":332,"column":48}},"94":{"start":{"line":333,"column":16},"end":{"line":333,"column":44}},"95":{"start":{"line":342,"column":16},"end":{"line":342,"column":48}},"96":{"start":{"line":359,"column":10},"end":{"line":361,"column":12}},"97":{"start":{"line":360,"column":12},"end":{"line":360,"column":47}},"98":{"start":{"line":370,"column":10},"end":{"line":370,"column":28}},"99":{"start":{"line":371,"column":10},"end":{"line":371,"column":33}},"100":{"start":{"line":374,"column":10},"end":{"line":374,"column":42}},"101":{"start":{"line":377,"column":31},"end":{"line":377,"column":62}},"102":{"start":{"line":394,"column":18},"end":{"line":396,"column":19}},"103":{"start":{"line":395,"column":20},"end":{"line":395,"column":27}},"104":{"start":{"line":398,"column":18},"end":{"line":398,"column":50}},"105":{"start":{"line":399,"column":32},"end":{"line":399,"column":55}},"106":{"start":{"line":400,"column":18},"end":{"line":400,"column":60}},"107":{"start":{"line":401,"column":18},"end":{"line":401,"column":59}},"108":{"start":{"line":402,"column":18},"end":{"line":421,"column":20}},"109":{"start":{"line":404,"column":22},"end":{"line":416,"column":23}},"110":{"start":{"line":405,"column":24},"end":{"line":405,"column":76}},"111":{"start":{"line":406,"column":24},"end":{"line":406,"column":77}},"112":{"start":{"line":411,"column":41},"end":{"line":411,"column":43}},"113":{"start":{"line":412,"column":24},"end":{"line":414,"column":25}},"114":{"start":{"line":413,"column":26},"end":{"line":413,"column":52}},"115":{"start":{"line":415,"column":24},"end":{"line":415,"column":95}},"116":{"start":{"line":420,"column":28},"end":{"line":420,"column":54}},"117":{"start":{"line":428,"column":49},"end":{"line":428,"column":80}},"118":{"start":{"line":443,"column":14},"end":{"line":443,"column":37}},"119":{"start":{"line":446,"column":14},"end":{"line":446,"column":37}},"120":{"start":{"line":449,"column":14},"end":{"line":451,"column":17}},"121":{"start":{"line":450,"column":16},"end":{"line":450,"column":51}},"122":{"start":{"line":459,"column":16},"end":{"line":462,"column":35}},"123":{"start":{"line":459,"column":59},"end":{"line":459,"column":93}},"124":{"start":{"line":477,"column":14},"end":{"line":497,"column":33}},"125":{"start":{"line":479,"column":18},"end":{"line":479,"column":42}},"126":{"start":{"line":499,"column":36},"end":{"line":499,"column":44}},"127":{"start":{"line":507,"column":15},"end":{"line":621,"column":2}}},"fnMap":{"0":{"name":"formatAMPM","decl":{"start":{"line":24,"column":9},"end":{"line":24,"column":19}},"loc":{"start":{"line":24,"column":26},"end":{"line":33,"column":1}},"line":24},"1":{"name":"RenderHead","decl":{"start":{"line":37,"column":9},"end":{"line":37,"column":19}},"loc":{"start":{"line":37,"column":48},"end":{"line":78,"column":1}},"line":37},"2":{"name":"RenderLastMessage","decl":{"start":{"line":80,"column":9},"end":{"line":80,"column":26}},"loc":{"start":{"line":80,"column":48},"end":{"line":88,"column":1}},"line":80},"3":{"name":"RenderPicture","decl":{"start":{"line":90,"column":9},"end":{"line":90,"column":22}},"loc":{"start":{"line":90,"column":42},"end":{"line":98,"column":1}},"line":90},"4":{"name":"(anonymous_4)","decl":{"start":{"line":100,"column":19},"end":{"line":100,"column":20}},"loc":{"start":{"line":101,"column":2},"end":{"line":101,"column":47}},"line":101},"5":{"name":"ChatSelectScreen","decl":{"start":{"line":105,"column":24},"end":{"line":105,"column":40}},"loc":{"start":{"line":105,"column":57},"end":{"line":505,"column":1}},"line":105},"6":{"name":"(anonymous_6)","decl":{"start":{"line":121,"column":19},"end":{"line":121,"column":20}},"loc":{"start":{"line":121,"column":25},"end":{"line":127,"column":3}},"line":121},"7":{"name":"(anonymous_7)","decl":{"start":{"line":123,"column":34},"end":{"line":123,"column":35}},"loc":{"start":{"line":123,"column":51},"end":{"line":126,"column":5}},"line":123},"8":{"name":"(anonymous_8)","decl":{"start":{"line":130,"column":19},"end":{"line":130,"column":20}},"loc":{"start":{"line":130,"column":39},"end":{"line":134,"column":3}},"line":130},"9":{"name":"(anonymous_9)","decl":{"start":{"line":136,"column":20},"end":{"line":136,"column":21}},"loc":{"start":{"line":136,"column":40},"end":{"line":145,"column":3}},"line":136},"10":{"name":"(anonymous_10)","decl":{"start":{"line":142,"column":41},"end":{"line":142,"column":42}},"loc":{"start":{"line":142,"column":49},"end":{"line":142,"column":68}},"line":142},"11":{"name":"(anonymous_11)","decl":{"start":{"line":147,"column":23},"end":{"line":147,"column":24}},"loc":{"start":{"line":147,"column":33},"end":{"line":149,"column":3}},"line":147},"12":{"name":"(anonymous_12)","decl":{"start":{"line":151,"column":21},"end":{"line":151,"column":22}},"loc":{"start":{"line":151,"column":42},"end":{"line":183,"column":3}},"line":151},"13":{"name":"(anonymous_13)","decl":{"start":{"line":167,"column":17},"end":{"line":167,"column":18}},"loc":{"start":{"line":167,"column":23},"end":{"line":170,"column":9}},"line":167},"14":{"name":"(anonymous_14)","decl":{"start":{"line":185,"column":27},"end":{"line":185,"column":28}},"loc":{"start":{"line":186,"column":4},"end":{"line":204,"column":11}},"line":186},"15":{"name":"(anonymous_15)","decl":{"start":{"line":190,"column":17},"end":{"line":190,"column":18}},"loc":{"start":{"line":190,"column":23},"end":{"line":190,"column":57}},"line":190},"16":{"name":"(anonymous_16)","decl":{"start":{"line":196,"column":17},"end":{"line":196,"column":18}},"loc":{"start":{"line":196,"column":29},"end":{"line":200,"column":9}},"line":196},"17":{"name":"(anonymous_17)","decl":{"start":{"line":207,"column":22},"end":{"line":207,"column":23}},"loc":{"start":{"line":207,"column":28},"end":{"line":211,"column":3}},"line":207},"18":{"name":"(anonymous_18)","decl":{"start":{"line":213,"column":23},"end":{"line":213,"column":24}},"loc":{"start":{"line":213,"column":35},"end":{"line":223,"column":3}},"line":213},"19":{"name":"(anonymous_19)","decl":{"start":{"line":225,"column":25},"end":{"line":225,"column":26}},"loc":{"start":{"line":225,"column":41},"end":{"line":233,"column":3}},"line":225},"20":{"name":"(anonymous_20)","decl":{"start":{"line":228,"column":40},"end":{"line":228,"column":41}},"loc":{"start":{"line":229,"column":8},"end":{"line":229,"column":51}},"line":229},"21":{"name":"(anonymous_21)","decl":{"start":{"line":236,"column":28},"end":{"line":236,"column":29}},"loc":{"start":{"line":236,"column":38},"end":{"line":249,"column":3}},"line":236},"22":{"name":"(anonymous_22)","decl":{"start":{"line":252,"column":18},"end":{"line":252,"column":19}},"loc":{"start":{"line":252,"column":24},"end":{"line":259,"column":3}},"line":252},"23":{"name":"(anonymous_23)","decl":{"start":{"line":253,"column":56},"end":{"line":253,"column":57}},"loc":{"start":{"line":253,"column":68},"end":{"line":256,"column":5}},"line":253},"24":{"name":"(anonymous_24)","decl":{"start":{"line":273,"column":21},"end":{"line":273,"column":22}},"loc":{"start":{"line":273,"column":27},"end":{"line":275,"column":13}},"line":273},"25":{"name":"(anonymous_25)","decl":{"start":{"line":283,"column":21},"end":{"line":283,"column":22}},"loc":{"start":{"line":283,"column":27},"end":{"line":285,"column":13}},"line":283},"26":{"name":"(anonymous_26)","decl":{"start":{"line":300,"column":22},"end":{"line":300,"column":23}},"loc":{"start":{"line":300,"column":30},"end":{"line":300,"column":49}},"line":300},"27":{"name":"(anonymous_27)","decl":{"start":{"line":331,"column":41},"end":{"line":331,"column":42}},"loc":{"start":{"line":331,"column":47},"end":{"line":334,"column":15}},"line":331},"28":{"name":"(anonymous_28)","decl":{"start":{"line":341,"column":41},"end":{"line":341,"column":42}},"loc":{"start":{"line":341,"column":47},"end":{"line":343,"column":15}},"line":341},"29":{"name":"(anonymous_29)","decl":{"start":{"line":357,"column":21},"end":{"line":357,"column":22}},"loc":{"start":{"line":357,"column":27},"end":{"line":367,"column":9}},"line":357},"30":{"name":"(anonymous_30)","decl":{"start":{"line":359,"column":33},"end":{"line":359,"column":34}},"loc":{"start":{"line":359,"column":50},"end":{"line":361,"column":11}},"line":359},"31":{"name":"(anonymous_31)","decl":{"start":{"line":368,"column":21},"end":{"line":368,"column":22}},"loc":{"start":{"line":368,"column":27},"end":{"line":372,"column":9}},"line":368},"32":{"name":"(anonymous_32)","decl":{"start":{"line":373,"column":25},"end":{"line":373,"column":26}},"loc":{"start":{"line":373,"column":31},"end":{"line":375,"column":9}},"line":373},"33":{"name":"(anonymous_33)","decl":{"start":{"line":377,"column":25},"end":{"line":377,"column":26}},"loc":{"start":{"line":377,"column":31},"end":{"line":377,"column":62}},"line":377},"34":{"name":"(anonymous_34)","decl":{"start":{"line":392,"column":25},"end":{"line":392,"column":26}},"loc":{"start":{"line":392,"column":31},"end":{"line":422,"column":17}},"line":392},"35":{"name":"(anonymous_35)","decl":{"start":{"line":403,"column":20},"end":{"line":403,"column":21}},"loc":{"start":{"line":403,"column":30},"end":{"line":417,"column":21}},"line":403},"36":{"name":"(anonymous_36)","decl":{"start":{"line":420,"column":20},"end":{"line":420,"column":21}},"loc":{"start":{"line":420,"column":27},"end":{"line":420,"column":55}},"line":420},"37":{"name":"(anonymous_37)","decl":{"start":{"line":428,"column":43},"end":{"line":428,"column":44}},"loc":{"start":{"line":428,"column":49},"end":{"line":428,"column":80}},"line":428},"38":{"name":"(anonymous_38)","decl":{"start":{"line":442,"column":21},"end":{"line":442,"column":22}},"loc":{"start":{"line":442,"column":27},"end":{"line":444,"column":13}},"line":442},"39":{"name":"(anonymous_39)","decl":{"start":{"line":445,"column":20},"end":{"line":445,"column":21}},"loc":{"start":{"line":445,"column":26},"end":{"line":447,"column":13}},"line":445},"40":{"name":"(anonymous_40)","decl":{"start":{"line":448,"column":26},"end":{"line":448,"column":27}},"loc":{"start":{"line":448,"column":34},"end":{"line":452,"column":13}},"line":448},"41":{"name":"(anonymous_41)","decl":{"start":{"line":449,"column":41},"end":{"line":449,"column":42}},"loc":{"start":{"line":449,"column":58},"end":{"line":451,"column":15}},"line":449},"42":{"name":"(anonymous_42)","decl":{"start":{"line":458,"column":43},"end":{"line":458,"column":44}},"loc":{"start":{"line":459,"column":16},"end":{"line":462,"column":35}},"line":459},"43":{"name":"(anonymous_43)","decl":{"start":{"line":459,"column":53},"end":{"line":459,"column":54}},"loc":{"start":{"line":459,"column":59},"end":{"line":459,"column":93}},"line":459},"44":{"name":"(anonymous_44)","decl":{"start":{"line":476,"column":25},"end":{"line":476,"column":26}},"loc":{"start":{"line":477,"column":14},"end":{"line":497,"column":33}},"line":477},"45":{"name":"(anonymous_45)","decl":{"start":{"line":478,"column":25},"end":{"line":478,"column":26}},"loc":{"start":{"line":478,"column":31},"end":{"line":480,"column":17}},"line":478},"46":{"name":"(anonymous_46)","decl":{"start":{"line":499,"column":26},"end":{"line":499,"column":27}},"loc":{"start":{"line":499,"column":36},"end":{"line":499,"column":44}},"line":499}},"branchMap":{"0":{"loc":{"start":{"line":27,"column":13},"end":{"line":27,"column":38}},"type":"cond-expr","locations":[{"start":{"line":27,"column":27},"end":{"line":27,"column":31}},{"start":{"line":27,"column":34},"end":{"line":27,"column":38}}],"line":27},"1":{"loc":{"start":{"line":29,"column":10},"end":{"line":29,"column":28}},"type":"cond-expr","locations":[{"start":{"line":29,"column":18},"end":{"line":29,"column":23}},{"start":{"line":29,"column":26},"end":{"line":29,"column":28}}],"line":29},"2":{"loc":{"start":{"line":30,"column":12},"end":{"line":30,"column":48}},"type":"cond-expr","locations":[{"start":{"line":30,"column":27},"end":{"line":30,"column":38}},{"start":{"line":30,"column":41},"end":{"line":30,"column":48}}],"line":30},"3":{"loc":{"start":{"line":55,"column":2},"end":{"line":64,"column":3}},"type":"if","locations":[{"start":{"line":55,"column":2},"end":{"line":64,"column":3}},{"start":{"line":55,"column":2},"end":{"line":64,"column":3}}],"line":55},"4":{"loc":{"start":{"line":55,"column":6},"end":{"line":55,"column":51}},"type":"binary-expr","locations":[{"start":{"line":55,"column":6},"end":{"line":55,"column":34}},{"start":{"line":55,"column":38},"end":{"line":55,"column":51}}],"line":55},"5":{"loc":{"start":{"line":59,"column":7},"end":{"line":64,"column":3}},"type":"if","locations":[{"start":{"line":59,"column":7},"end":{"line":64,"column":3}},{"start":{"line":59,"column":7},"end":{"line":64,"column":3}}],"line":59},"6":{"loc":{"start":{"line":94,"column":24},"end":{"line":94,"column":88}},"type":"cond-expr","locations":[{"start":{"line":94,"column":58},"end":{"line":94,"column":72}},{"start":{"line":94,"column":75},"end":{"line":94,"column":88}}],"line":94},"7":{"loc":{"start":{"line":131,"column":4},"end":{"line":133,"column":5}},"type":"if","locations":[{"start":{"line":131,"column":4},"end":{"line":133,"column":5}},{"start":{"line":131,"column":4},"end":{"line":133,"column":5}}],"line":131},"8":{"loc":{"start":{"line":227,"column":4},"end":{"line":231,"column":5}},"type":"if","locations":[{"start":{"line":227,"column":4},"end":{"line":231,"column":5}},{"start":{"line":227,"column":4},"end":{"line":231,"column":5}}],"line":227},"9":{"loc":{"start":{"line":239,"column":4},"end":{"line":248,"column":5}},"type":"if","locations":[{"start":{"line":239,"column":4},"end":{"line":248,"column":5}},{"start":{"line":239,"column":4},"end":{"line":248,"column":5}}],"line":239},"10":{"loc":{"start":{"line":305,"column":8},"end":{"line":322,"column":9}},"type":"cond-expr","locations":[{"start":{"line":307,"column":10},"end":{"line":307,"column":49}},{"start":{"line":310,"column":10},"end":{"line":321,"column":12}}],"line":305},"11":{"loc":{"start":{"line":394,"column":18},"end":{"line":396,"column":19}},"type":"if","locations":[{"start":{"line":394,"column":18},"end":{"line":396,"column":19}},{"start":{"line":394,"column":18},"end":{"line":396,"column":19}}],"line":394},"12":{"loc":{"start":{"line":404,"column":22},"end":{"line":416,"column":23}},"type":"if","locations":[{"start":{"line":404,"column":22},"end":{"line":416,"column":23}},{"start":{"line":404,"column":22},"end":{"line":416,"column":23}}],"line":404},"13":{"loc":{"start":{"line":482,"column":36},"end":{"line":482,"column":67}},"type":"cond-expr","locations":[{"start":{"line":482,"column":61},"end":{"line":482,"column":63}},{"start":{"line":482,"column":66},"end":{"line":482,"column":67}}],"line":482},"14":{"loc":{"start":{"line":485,"column":19},"end":{"line":488,"column":25}},"type":"binary-expr","locations":[{"start":{"line":485,"column":19},"end":{"line":485,"column":41}},{"start":{"line":486,"column":18},"end":{"line":488,"column":25}}],"line":485}},"s":{"0":0,"1":0,"2":0,"3":0,"4":0,"5":0,"6":0,"7":0,"8":0,"9":0,"10":0,"11":0,"12":0,"13":0,"14":0,"15":0,"16":0,"17":0,"18":0,"19":0,"20":0,"21":0,"22":0,"23":0,"24":0,"25":1,"26":0,"27":1,"28":1,"29":1,"30":1,"31":1,"32":1,"33":1,"34":1,"35":1,"36":1,"37":1,"38":1,"39":0,"40":0,"41":0,"42":1,"43":0,"44":0,"45":1,"46":0,"47":0,"48":0,"49":0,"50":0,"51":0,"52":1,"53":0,"54":1,"55":0,"56":0,"57":0,"58":0,"59":0,"60":1,"61":0,"62":0,"63":0,"64":0,"65":1,"66":0,"67":0,"68":0,"69":1,"70":0,"71":0,"72":0,"73":1,"74":0,"75":0,"76":0,"77":0,"78":0,"79":1,"80":0,"81":0,"82":0,"83":0,"84":0,"85":1,"86":0,"87":0,"88":0,"89":1,"90":0,"91":0,"92":0,"93":0,"94":0,"95":0,"96":0,"97":0,"98":0,"99":0,"100":0,"101":0,"102":0,"103":0,"104":0,"105":0,"106":0,"107":0,"108":0,"109":0,"110":0,"111":0,"112":0,"113":0,"114":0,"115":0,"116":0,"117":0,"118":0,"119":0,"120":0,"121":0,"122":0,"123":0,"124":0,"125":0,"126":0,"127":1},"f":{"0":0,"1":0,"2":0,"3":0,"4":0,"5":1,"6":0,"7":0,"8":0,"9":0,"10":0,"11":0,"12":0,"13":0,"14":0,"15":0,"16":0,"17":0,"18":0,"19":0,"20":0,"21":0,"22":0,"23":0,"24":0,"25":0,"26":0,"27":0,"28":0,"29":0,"30":0,"31":0,"32":0,"33":0,"34":0,"35":0,"36":0,"37":0,"38":0,"39":0,"40":0,"41":0,"42":0,"43":0,"44":0,"45":0,"46":0},"b":{"0":[0,0],"1":[0,0],"2":[0,0],"3":[0,0],"4":[0,0],"5":[0,0],"6":[0,0],"7":[0,0],"8":[0,0],"9":[0,0],"10":[1,0],"11":[0,0],"12":[0,0],"13":[0,0],"14":[0,0]},"_coverageSchema":"1a1c01bbd47fc00a2c39e90264f33305004495a9","hash":"77add746ea71b732f888d6e07a798f7801a3c1b9"}
,"/Users/mk/Projects/lyfestyle/screens/HomeScreen.js": {"path":"/Users/mk/Projects/lyfestyle/screens/HomeScreen.js","statementMap":{"0":{"start":{"line":11,"column":0},"end":{"line":44,"column":2}},"1":{"start":{"line":47,"column":40},"end":{"line":47,"column":61}},"2":{"start":{"line":49,"column":2},"end":{"line":63,"column":9}},"3":{"start":{"line":51,"column":6},"end":{"line":60,"column":7}},"4":{"start":{"line":52,"column":31},"end":{"line":54,"column":9}},"5":{"start":{"line":55,"column":33},"end":{"line":55,"column":79}},"6":{"start":{"line":56,"column":8},"end":{"line":56,"column":15}},"7":{"start":{"line":57,"column":8},"end":{"line":59,"column":9}},"8":{"start":{"line":58,"column":10},"end":{"line":58,"column":42}},"9":{"start":{"line":62,"column":4},"end":{"line":62,"column":20}},"10":{"start":{"line":65,"column":22},"end":{"line":79,"column":3}},"11":{"start":{"line":66,"column":19},"end":{"line":77,"column":5}},"12":{"start":{"line":67,"column":22},"end":{"line":67,"column":24}},"13":{"start":{"line":68,"column":6},"end":{"line":75,"column":7}},"14":{"start":{"line":69,"column":8},"end":{"line":74,"column":11}},"15":{"start":{"line":70,"column":21},"end":{"line":70,"column":34}},"16":{"start":{"line":71,"column":10},"end":{"line":71,"column":24}},"17":{"start":{"line":72,"column":10},"end":{"line":72,"column":67}},"18":{"start":{"line":73,"column":10},"end":{"line":73,"column":31}},"19":{"start":{"line":76,"column":6},"end":{"line":76,"column":32}},"20":{"start":{"line":78,"column":4},"end":{"line":78,"column":37}},"21":{"start":{"line":81,"column":2},"end":{"line":115,"column":4}},"22":{"start":{"line":82,"column":4},"end":{"line":114,"column":6}},"23":{"start":{"line":116,"column":2},"end":{"line":130,"column":4}},"24":{"start":{"line":125,"column":34},"end":{"line":125,"column":50}},"25":{"start":{"line":126,"column":32},"end":{"line":126,"column":39}},"26":{"start":{"line":133,"column":15},"end":{"line":193,"column":2}}},"fnMap":{"0":{"name":"HomeScreen","decl":{"start":{"line":46,"column":24},"end":{"line":46,"column":34}},"loc":{"start":{"line":46,"column":51},"end":{"line":131,"column":1}},"line":46},"1":{"name":"(anonymous_1)","decl":{"start":{"line":49,"column":18},"end":{"line":49,"column":19}},"loc":{"start":{"line":49,"column":24},"end":{"line":63,"column":3}},"line":49},"2":{"name":"askPermission","decl":{"start":{"line":50,"column":19},"end":{"line":50,"column":32}},"loc":{"start":{"line":50,"column":35},"end":{"line":61,"column":5}},"line":50},"3":{"name":"(anonymous_3)","decl":{"start":{"line":65,"column":22},"end":{"line":65,"column":23}},"loc":{"start":{"line":65,"column":34},"end":{"line":79,"column":3}},"line":65},"4":{"name":"(anonymous_4)","decl":{"start":{"line":66,"column":19},"end":{"line":66,"column":20}},"loc":{"start":{"line":66,"column":33},"end":{"line":77,"column":5}},"line":66},"5":{"name":"(anonymous_5)","decl":{"start":{"line":69,"column":38},"end":{"line":69,"column":39}},"loc":{"start":{"line":69,"column":47},"end":{"line":74,"column":9}},"line":69},"6":{"name":"(anonymous_6)","decl":{"start":{"line":81,"column":15},"end":{"line":81,"column":16}},"loc":{"start":{"line":81,"column":25},"end":{"line":115,"column":3}},"line":81},"7":{"name":"(anonymous_7)","decl":{"start":{"line":125,"column":20},"end":{"line":125,"column":21}},"loc":{"start":{"line":125,"column":34},"end":{"line":125,"column":50}},"line":125},"8":{"name":"(anonymous_8)","decl":{"start":{"line":126,"column":22},"end":{"line":126,"column":23}},"loc":{"start":{"line":126,"column":32},"end":{"line":126,"column":39}},"line":126}},"branchMap":{"0":{"loc":{"start":{"line":51,"column":6},"end":{"line":60,"column":7}},"type":"if","locations":[{"start":{"line":51,"column":6},"end":{"line":60,"column":7}},{"start":{"line":51,"column":6},"end":{"line":60,"column":7}}],"line":51},"1":{"loc":{"start":{"line":57,"column":8},"end":{"line":59,"column":9}},"type":"if","locations":[{"start":{"line":57,"column":8},"end":{"line":59,"column":9}},{"start":{"line":57,"column":8},"end":{"line":59,"column":9}}],"line":57},"2":{"loc":{"start":{"line":57,"column":12},"end":{"line":57,"column":66}},"type":"binary-expr","locations":[{"start":{"line":57,"column":12},"end":{"line":57,"column":36}},{"start":{"line":57,"column":40},"end":{"line":57,"column":66}}],"line":57},"3":{"loc":{"start":{"line":68,"column":6},"end":{"line":75,"column":7}},"type":"if","locations":[{"start":{"line":68,"column":6},"end":{"line":75,"column":7}},{"start":{"line":68,"column":6},"end":{"line":75,"column":7}}],"line":68}},"s":{"0":1,"1":1,"2":1,"3":0,"4":0,"5":0,"6":0,"7":0,"8":0,"9":0,"10":1,"11":0,"12":0,"13":0,"14":0,"15":0,"16":0,"17":0,"18":0,"19":0,"20":0,"21":1,"22":0,"23":1,"24":0,"25":0,"26":1},"f":{"0":1,"1":0,"2":0,"3":0,"4":0,"5":0,"6":0,"7":0,"8":0},"b":{"0":[0,0],"1":[0,0],"2":[0,0],"3":[0,0]},"_coverageSchema":"1a1c01bbd47fc00a2c39e90264f33305004495a9","hash":"93bccb22bc1d4067d53091d37c4ef67115275f14"}
,"/Users/mk/Projects/lyfestyle/screens/PostScreen.js": {"path":"/Users/mk/Projects/lyfestyle/screens/PostScreen.js","statementMap":{"0":{"start":{"line":17,"column":19},"end":{"line":127,"column":1}},"1":{"start":{"line":19,"column":29},"end":{"line":19,"column":50}},"2":{"start":{"line":20,"column":39},"end":{"line":20,"column":60}},"3":{"start":{"line":22,"column":2},"end":{"line":35,"column":5}},"4":{"start":{"line":24,"column":6},"end":{"line":33,"column":7}},"5":{"start":{"line":25,"column":31},"end":{"line":27,"column":9}},"6":{"start":{"line":28,"column":33},"end":{"line":28,"column":79}},"7":{"start":{"line":30,"column":8},"end":{"line":32,"column":9}},"8":{"start":{"line":31,"column":10},"end":{"line":31,"column":42}},"9":{"start":{"line":37,"column":19},"end":{"line":42,"column":3}},"10":{"start":{"line":38,"column":4},"end":{"line":38,"column":40}},"11":{"start":{"line":39,"column":4},"end":{"line":39,"column":22}},"12":{"start":{"line":40,"column":4},"end":{"line":40,"column":27}},"13":{"start":{"line":41,"column":4},"end":{"line":41,"column":32}},"14":{"start":{"line":46,"column":31},"end":{"line":53,"column":3}},"15":{"start":{"line":47,"column":4},"end":{"line":52,"column":7}},"16":{"start":{"line":51,"column":6},"end":{"line":51,"column":34}},"17":{"start":{"line":56,"column":30},"end":{"line":63,"column":3}},"18":{"start":{"line":57,"column":4},"end":{"line":62,"column":7}},"19":{"start":{"line":61,"column":6},"end":{"line":61,"column":34}},"20":{"start":{"line":65,"column":2},"end":{"line":126,"column":4}},"21":{"start":{"line":68,"column":41},"end":{"line":68,"column":68}},"22":{"start":{"line":74,"column":12},"end":{"line":81,"column":13}},"23":{"start":{"line":75,"column":14},"end":{"line":80,"column":16}},"24":{"start":{"line":93,"column":12},"end":{"line":93,"column":29}},"25":{"start":{"line":106,"column":27},"end":{"line":106,"column":50}},"26":{"start":{"line":115,"column":27},"end":{"line":115,"column":51}},"27":{"start":{"line":130,"column":15},"end":{"line":175,"column":2}}},"fnMap":{"0":{"name":"(anonymous_0)","decl":{"start":{"line":17,"column":19},"end":{"line":17,"column":20}},"loc":{"start":{"line":17,"column":39},"end":{"line":127,"column":1}},"line":17},"1":{"name":"(anonymous_1)","decl":{"start":{"line":22,"column":18},"end":{"line":22,"column":19}},"loc":{"start":{"line":22,"column":24},"end":{"line":35,"column":3}},"line":22},"2":{"name":"askPermission","decl":{"start":{"line":23,"column":19},"end":{"line":23,"column":32}},"loc":{"start":{"line":23,"column":35},"end":{"line":34,"column":5}},"line":23},"3":{"name":"(anonymous_3)","decl":{"start":{"line":37,"column":19},"end":{"line":37,"column":20}},"loc":{"start":{"line":37,"column":47},"end":{"line":42,"column":3}},"line":37},"4":{"name":"(anonymous_4)","decl":{"start":{"line":46,"column":31},"end":{"line":46,"column":32}},"loc":{"start":{"line":46,"column":37},"end":{"line":53,"column":3}},"line":46},"5":{"name":"(anonymous_5)","decl":{"start":{"line":50,"column":12},"end":{"line":50,"column":13}},"loc":{"start":{"line":50,"column":24},"end":{"line":52,"column":5}},"line":50},"6":{"name":"(anonymous_6)","decl":{"start":{"line":56,"column":30},"end":{"line":56,"column":31}},"loc":{"start":{"line":56,"column":36},"end":{"line":63,"column":3}},"line":56},"7":{"name":"(anonymous_7)","decl":{"start":{"line":60,"column":12},"end":{"line":60,"column":13}},"loc":{"start":{"line":60,"column":24},"end":{"line":62,"column":5}},"line":60},"8":{"name":"(anonymous_8)","decl":{"start":{"line":68,"column":35},"end":{"line":68,"column":36}},"loc":{"start":{"line":68,"column":41},"end":{"line":68,"column":68}},"line":68},"9":{"name":"(anonymous_9)","decl":{"start":{"line":73,"column":19},"end":{"line":73,"column":20}},"loc":{"start":{"line":73,"column":31},"end":{"line":82,"column":11}},"line":73},"10":{"name":"(anonymous_10)","decl":{"start":{"line":92,"column":24},"end":{"line":92,"column":25}},"loc":{"start":{"line":92,"column":34},"end":{"line":94,"column":11}},"line":92},"11":{"name":"(anonymous_11)","decl":{"start":{"line":106,"column":21},"end":{"line":106,"column":22}},"loc":{"start":{"line":106,"column":27},"end":{"line":106,"column":50}},"line":106},"12":{"name":"(anonymous_12)","decl":{"start":{"line":115,"column":21},"end":{"line":115,"column":22}},"loc":{"start":{"line":115,"column":27},"end":{"line":115,"column":51}},"line":115}},"branchMap":{"0":{"loc":{"start":{"line":24,"column":6},"end":{"line":33,"column":7}},"type":"if","locations":[{"start":{"line":24,"column":6},"end":{"line":33,"column":7}},{"start":{"line":24,"column":6},"end":{"line":33,"column":7}}],"line":24},"1":{"loc":{"start":{"line":30,"column":8},"end":{"line":32,"column":9}},"type":"if","locations":[{"start":{"line":30,"column":8},"end":{"line":32,"column":9}},{"start":{"line":30,"column":8},"end":{"line":32,"column":9}}],"line":30},"2":{"loc":{"start":{"line":30,"column":12},"end":{"line":30,"column":66}},"type":"binary-expr","locations":[{"start":{"line":30,"column":12},"end":{"line":30,"column":36}},{"start":{"line":30,"column":40},"end":{"line":30,"column":66}}],"line":30},"3":{"loc":{"start":{"line":37,"column":32},"end":{"line":37,"column":42}},"type":"default-arg","locations":[{"start":{"line":37,"column":38},"end":{"line":37,"column":42}}],"line":37},"4":{"loc":{"start":{"line":74,"column":12},"end":{"line":81,"column":13}},"type":"if","locations":[{"start":{"line":74,"column":12},"end":{"line":81,"column":13}},{"start":{"line":74,"column":12},"end":{"line":81,"column":13}}],"line":74},"5":{"loc":{"start":{"line":74,"column":16},"end":{"line":74,"column":33}},"type":"binary-expr","locations":[{"start":{"line":74,"column":16},"end":{"line":74,"column":20}},{"start":{"line":74,"column":24},"end":{"line":74,"column":33}}],"line":74},"6":{"loc":{"start":{"line":121,"column":9},"end":{"line":123,"column":9}},"type":"binary-expr","locations":[{"start":{"line":121,"column":9},"end":{"line":121,"column":18}},{"start":{"line":122,"column":10},"end":{"line":122,"column":74}}],"line":121}},"s":{"0":1,"1":1,"2":1,"3":1,"4":0,"5":0,"6":0,"7":0,"8":0,"9":1,"10":0,"11":0,"12":0,"13":0,"14":1,"15":0,"16":0,"17":1,"18":0,"19":0,"20":1,"21":0,"22":0,"23":0,"24":0,"25":0,"26":0,"27":1},"f":{"0":1,"1":0,"2":0,"3":0,"4":0,"5":0,"6":0,"7":0,"8":0,"9":0,"10":0,"11":0,"12":0},"b":{"0":[0,0],"1":[0,0],"2":[0,0],"3":[0],"4":[0,0],"5":[0,0],"6":[1,0]},"_coverageSchema":"1a1c01bbd47fc00a2c39e90264f33305004495a9","hash":"b8818eaf8b80dfb7e9f483e2a857ecee367f9e45"}
,"/Users/mk/Projects/lyfestyle/screens/ProfileScreen.js": {"path":"/Users/mk/Projects/lyfestyle/screens/ProfileScreen.js","statementMap":{"0":{"start":{"line":15,"column":4},"end":{"line":93,"column":6}},"1":{"start":{"line":31,"column":81},"end":{"line":31,"column":90}},"2":{"start":{"line":96,"column":15},"end":{"line":179,"column":2}}},"fnMap":{"0":{"name":"Profile","decl":{"start":{"line":11,"column":24},"end":{"line":11,"column":31}},"loc":{"start":{"line":11,"column":46},"end":{"line":94,"column":1}},"line":11},"1":{"name":"(anonymous_1)","decl":{"start":{"line":31,"column":73},"end":{"line":31,"column":74}},"loc":{"start":{"line":31,"column":79},"end":{"line":31,"column":92}},"line":31}},"branchMap":{},"s":{"0":1,"1":0,"2":1},"f":{"0":1,"1":0},"b":{},"_coverageSchema":"1a1c01bbd47fc00a2c39e90264f33305004495a9","hash":"b736bc0ac8127984bb8f98f9e5a60cd10ff9c481"}
,"/Users/mk/Projects/lyfestyle/screens/RegisterScreen.js": {"path":"/Users/mk/Projects/lyfestyle/screens/RegisterScreen.js","statementMap":{"0":{"start":{"line":20,"column":23},"end":{"line":112,"column":1}},"1":{"start":{"line":21,"column":29},"end":{"line":21,"column":50}},"2":{"start":{"line":22,"column":31},"end":{"line":22,"column":52}},"3":{"start":{"line":23,"column":37},"end":{"line":23,"column":58}},"4":{"start":{"line":24,"column":29},"end":{"line":24,"column":50}},"5":{"start":{"line":27,"column":18},"end":{"line":32,"column":3}},"6":{"start":{"line":28,"column":4},"end":{"line":31,"column":16}},"7":{"start":{"line":34,"column":16},"end":{"line":42,"column":3}},"8":{"start":{"line":35,"column":4},"end":{"line":41,"column":9}},"9":{"start":{"line":40,"column":8},"end":{"line":40,"column":51}},"10":{"start":{"line":44,"column":16},"end":{"line":46,"column":3}},"11":{"start":{"line":45,"column":4},"end":{"line":45,"column":34}},"12":{"start":{"line":48,"column":2},"end":{"line":111,"column":4}},"13":{"start":{"line":65,"column":38},"end":{"line":65,"column":54}},"14":{"start":{"line":73,"column":38},"end":{"line":73,"column":55}},"15":{"start":{"line":82,"column":38},"end":{"line":82,"column":58}},"16":{"start":{"line":86,"column":65},"end":{"line":86,"column":74}},"17":{"start":{"line":91,"column":27},"end":{"line":91,"column":56}},"18":{"start":{"line":116,"column":15},"end":{"line":167,"column":2}}},"fnMap":{"0":{"name":"(anonymous_0)","decl":{"start":{"line":20,"column":23},"end":{"line":20,"column":24}},"loc":{"start":{"line":20,"column":43},"end":{"line":112,"column":1}},"line":20},"1":{"name":"(anonymous_1)","decl":{"start":{"line":27,"column":18},"end":{"line":27,"column":19}},"loc":{"start":{"line":27,"column":25},"end":{"line":32,"column":3}},"line":27},"2":{"name":"(anonymous_2)","decl":{"start":{"line":34,"column":16},"end":{"line":34,"column":17}},"loc":{"start":{"line":34,"column":22},"end":{"line":42,"column":3}},"line":34},"3":{"name":"(anonymous_3)","decl":{"start":{"line":38,"column":21},"end":{"line":38,"column":22}},"loc":{"start":{"line":38,"column":40},"end":{"line":41,"column":7}},"line":38},"4":{"name":"(anonymous_4)","decl":{"start":{"line":44,"column":16},"end":{"line":44,"column":17}},"loc":{"start":{"line":44,"column":22},"end":{"line":46,"column":3}},"line":44},"5":{"name":"(anonymous_5)","decl":{"start":{"line":65,"column":30},"end":{"line":65,"column":31}},"loc":{"start":{"line":65,"column":38},"end":{"line":65,"column":54}},"line":65},"6":{"name":"(anonymous_6)","decl":{"start":{"line":73,"column":30},"end":{"line":73,"column":31}},"loc":{"start":{"line":73,"column":38},"end":{"line":73,"column":55}},"line":73},"7":{"name":"(anonymous_7)","decl":{"start":{"line":82,"column":30},"end":{"line":82,"column":31}},"loc":{"start":{"line":82,"column":38},"end":{"line":82,"column":58}},"line":82},"8":{"name":"(anonymous_8)","decl":{"start":{"line":86,"column":59},"end":{"line":86,"column":60}},"loc":{"start":{"line":86,"column":65},"end":{"line":86,"column":74}},"line":86},"9":{"name":"(anonymous_9)","decl":{"start":{"line":91,"column":21},"end":{"line":91,"column":22}},"loc":{"start":{"line":91,"column":27},"end":{"line":91,"column":56}},"line":91}},"branchMap":{"0":{"loc":{"start":{"line":50,"column":31},"end":{"line":50,"column":59}},"type":"cond-expr","locations":[{"start":{"line":50,"column":39},"end":{"line":50,"column":48}},{"start":{"line":50,"column":51},"end":{"line":50,"column":59}}],"line":50}},"s":{"0":1,"1":1,"2":1,"3":1,"4":1,"5":1,"6":0,"7":1,"8":0,"9":0,"10":1,"11":0,"12":1,"13":0,"14":0,"15":0,"16":0,"17":0,"18":1},"f":{"0":1,"1":0,"2":0,"3":0,"4":0,"5":0,"6":0,"7":0,"8":0,"9":0},"b":{"0":[1,0]},"_coverageSchema":"1a1c01bbd47fc00a2c39e90264f33305004495a9","hash":"f31a755f8de3757deef6edc23b5e0b5a8831b5c0"}
,"/Users/mk/Projects/lyfestyle/screens/SignInScreen.js": {"path":"/Users/mk/Projects/lyfestyle/screens/SignInScreen.js","statementMap":{"0":{"start":{"line":19,"column":21},"end":{"line":84,"column":1}},"1":{"start":{"line":20,"column":31},"end":{"line":20,"column":52}},"2":{"start":{"line":21,"column":37},"end":{"line":21,"column":58}},"3":{"start":{"line":22,"column":29},"end":{"line":22,"column":50}},"4":{"start":{"line":25,"column":16},"end":{"line":27,"column":3}},"5":{"start":{"line":26,"column":4},"end":{"line":26,"column":28}},"6":{"start":{"line":29,"column":2},"end":{"line":83,"column":4}},"7":{"start":{"line":46,"column":38},"end":{"line":46,"column":55}},"8":{"start":{"line":55,"column":38},"end":{"line":55,"column":58}},"9":{"start":{"line":59,"column":65},"end":{"line":59,"column":74}},"10":{"start":{"line":64,"column":27},"end":{"line":64,"column":58}},"11":{"start":{"line":88,"column":15},"end":{"line":138,"column":2}}},"fnMap":{"0":{"name":"(anonymous_0)","decl":{"start":{"line":19,"column":21},"end":{"line":19,"column":22}},"loc":{"start":{"line":19,"column":41},"end":{"line":84,"column":1}},"line":19},"1":{"name":"(anonymous_1)","decl":{"start":{"line":25,"column":16},"end":{"line":25,"column":17}},"loc":{"start":{"line":25,"column":22},"end":{"line":27,"column":3}},"line":25},"2":{"name":"(anonymous_2)","decl":{"start":{"line":46,"column":30},"end":{"line":46,"column":31}},"loc":{"start":{"line":46,"column":38},"end":{"line":46,"column":55}},"line":46},"3":{"name":"(anonymous_3)","decl":{"start":{"line":55,"column":30},"end":{"line":55,"column":31}},"loc":{"start":{"line":55,"column":38},"end":{"line":55,"column":58}},"line":55},"4":{"name":"(anonymous_4)","decl":{"start":{"line":59,"column":59},"end":{"line":59,"column":60}},"loc":{"start":{"line":59,"column":65},"end":{"line":59,"column":74}},"line":59},"5":{"name":"(anonymous_5)","decl":{"start":{"line":64,"column":21},"end":{"line":64,"column":22}},"loc":{"start":{"line":64,"column":27},"end":{"line":64,"column":58}},"line":64}},"branchMap":{"0":{"loc":{"start":{"line":31,"column":31},"end":{"line":31,"column":59}},"type":"cond-expr","locations":[{"start":{"line":31,"column":39},"end":{"line":31,"column":48}},{"start":{"line":31,"column":51},"end":{"line":31,"column":59}}],"line":31}},"s":{"0":1,"1":1,"2":1,"3":1,"4":1,"5":0,"6":1,"7":0,"8":0,"9":0,"10":0,"11":1},"f":{"0":1,"1":0,"2":0,"3":0,"4":0,"5":0},"b":{"0":[1,0]},"_coverageSchema":"1a1c01bbd47fc00a2c39e90264f33305004495a9","hash":"5fd08e49b2b6a998a91f3fb11609d62d968703f3"}
,"/Users/mk/Projects/lyfestyle/screens/TrainingScreen.js": {"path":"/Users/mk/Projects/lyfestyle/screens/TrainingScreen.js","statementMap":{"0":{"start":{"line":7,"column":23},"end":{"line":146,"column":1}},"1":{"start":{"line":9,"column":2},"end":{"line":15,"column":4}},"2":{"start":{"line":10,"column":4},"end":{"line":14,"column":6}},"3":{"start":{"line":17,"column":2},"end":{"line":145,"column":4}},"4":{"start":{"line":150,"column":15},"end":{"line":212,"column":2}}},"fnMap":{"0":{"name":"(anonymous_0)","decl":{"start":{"line":7,"column":23},"end":{"line":7,"column":24}},"loc":{"start":{"line":7,"column":29},"end":{"line":146,"column":1}},"line":7},"1":{"name":"(anonymous_1)","decl":{"start":{"line":9,"column":19},"end":{"line":9,"column":20}},"loc":{"start":{"line":9,"column":33},"end":{"line":15,"column":3}},"line":9}},"branchMap":{},"s":{"0":1,"1":1,"2":0,"3":1,"4":1},"f":{"0":1,"1":0},"b":{},"_coverageSchema":"1a1c01bbd47fc00a2c39e90264f33305004495a9","hash":"3df7396c71d5c119dae2360cbc850ca42d095705"}
,"/Users/mk/Projects/lyfestyle/util/AsyncStorage.js": {"path":"/Users/mk/Projects/lyfestyle/util/AsyncStorage.js","statementMap":{"0":{"start":{"line":3,"column":21},"end":{"line":46,"column":1}},"1":{"start":{"line":5,"column":4},"end":{"line":15,"column":5}},"2":{"start":{"line":6,"column":6},"end":{"line":8,"column":7}},"3":{"start":{"line":7,"column":8},"end":{"line":7,"column":38}},"4":{"start":{"line":9,"column":6},"end":{"line":9,"column":46}},"5":{"start":{"line":10,"column":6},"end":{"line":10,"column":46}},"6":{"start":{"line":13,"column":6},"end":{"line":13,"column":57}},"7":{"start":{"line":14,"column":6},"end":{"line":14,"column":16}},"8":{"start":{"line":19,"column":4},"end":{"line":34,"column":5}},"9":{"start":{"line":20,"column":6},"end":{"line":20,"column":47}},"10":{"start":{"line":21,"column":18},"end":{"line":21,"column":49}},"11":{"start":{"line":22,"column":6},"end":{"line":29,"column":7}},"12":{"start":{"line":23,"column":8},"end":{"line":23,"column":21}},"13":{"start":{"line":27,"column":8},"end":{"line":27,"column":46}},"14":{"start":{"line":28,"column":8},"end":{"line":28,"column":20}},"15":{"start":{"line":32,"column":6},"end":{"line":32,"column":47}},"16":{"start":{"line":33,"column":6},"end":{"line":33,"column":16}},"17":{"start":{"line":38,"column":4},"end":{"line":44,"column":5}},"18":{"start":{"line":39,"column":6},"end":{"line":39,"column":42}},"19":{"start":{"line":42,"column":6},"end":{"line":42,"column":48}},"20":{"start":{"line":43,"column":6},"end":{"line":43,"column":16}}},"fnMap":{"0":{"name":"(anonymous_0)","decl":{"start":{"line":4,"column":11},"end":{"line":4,"column":12}},"loc":{"start":{"line":4,"column":33},"end":{"line":16,"column":3}},"line":4},"1":{"name":"(anonymous_1)","decl":{"start":{"line":18,"column":11},"end":{"line":18,"column":12}},"loc":{"start":{"line":18,"column":26},"end":{"line":35,"column":3}},"line":18},"2":{"name":"(anonymous_2)","decl":{"start":{"line":37,"column":14},"end":{"line":37,"column":15}},"loc":{"start":{"line":37,"column":23},"end":{"line":45,"column":3}},"line":37}},"branchMap":{"0":{"loc":{"start":{"line":6,"column":6},"end":{"line":8,"column":7}},"type":"if","locations":[{"start":{"line":6,"column":6},"end":{"line":8,"column":7}},{"start":{"line":6,"column":6},"end":{"line":8,"column":7}}],"line":6},"1":{"loc":{"start":{"line":6,"column":12},"end":{"line":6,"column":64}},"type":"binary-expr","locations":[{"start":{"line":6,"column":12},"end":{"line":6,"column":37}},{"start":{"line":6,"column":41},"end":{"line":6,"column":64}}],"line":6},"2":{"loc":{"start":{"line":22,"column":6},"end":{"line":29,"column":7}},"type":"if","locations":[{"start":{"line":22,"column":6},"end":{"line":29,"column":7}},{"start":{"line":22,"column":6},"end":{"line":29,"column":7}}],"line":22}},"s":{"0":2,"1":0,"2":0,"3":0,"4":0,"5":0,"6":0,"7":0,"8":0,"9":0,"10":0,"11":0,"12":0,"13":0,"14":0,"15":0,"16":0,"17":0,"18":0,"19":0,"20":0},"f":{"0":0,"1":0,"2":0},"b":{"0":[0,0],"1":[0,0],"2":[0,0]},"_coverageSchema":"1a1c01bbd47fc00a2c39e90264f33305004495a9","hash":"54e40baa79e3127b50d8a3db5938eb0a108d68d2"}
,"/Users/mk/Projects/lyfestyle/util/ChatStorage.js": {"path":"/Users/mk/Projects/lyfestyle/util/ChatStorage.js","statementMap":{"0":{"start":{"line":8,"column":12},"end":{"line":8,"column":14}},"1":{"start":{"line":9,"column":2},"end":{"line":9,"column":30}},"2":{"start":{"line":10,"column":2},"end":{"line":15,"column":3}},"3":{"start":{"line":11,"column":4},"end":{"line":11,"column":72}},"4":{"start":{"line":12,"column":4},"end":{"line":14,"column":5}},"5":{"start":{"line":13,"column":6},"end":{"line":13,"column":30}},"6":{"start":{"line":16,"column":2},"end":{"line":16,"column":13}},"7":{"start":{"line":49,"column":20},"end":{"line":277,"column":1}},"8":{"start":{"line":51,"column":23},"end":{"line":51,"column":51}},"9":{"start":{"line":52,"column":19},"end":{"line":52,"column":21}},"10":{"start":{"line":53,"column":4},"end":{"line":55,"column":5}},"11":{"start":{"line":54,"column":6},"end":{"line":54,"column":57}},"12":{"start":{"line":56,"column":4},"end":{"line":56,"column":59}},"13":{"start":{"line":57,"column":4},"end":{"line":57,"column":33}},"14":{"start":{"line":65,"column":23},"end":{"line":65,"column":65}},"15":{"start":{"line":68,"column":4},"end":{"line":74,"column":5}},"16":{"start":{"line":69,"column":6},"end":{"line":69,"column":47}},"17":{"start":{"line":70,"column":6},"end":{"line":70,"column":16}},"18":{"start":{"line":73,"column":6},"end":{"line":73,"column":38}},"19":{"start":{"line":78,"column":23},"end":{"line":78,"column":51}},"20":{"start":{"line":79,"column":4},"end":{"line":84,"column":5}},"21":{"start":{"line":80,"column":6},"end":{"line":80,"column":41}},"22":{"start":{"line":83,"column":6},"end":{"line":83,"column":18}},"23":{"start":{"line":88,"column":4},"end":{"line":88,"column":58}},"24":{"start":{"line":92,"column":23},"end":{"line":92,"column":51}},"25":{"start":{"line":93,"column":4},"end":{"line":93,"column":31}},"26":{"start":{"line":94,"column":4},"end":{"line":94,"column":62}},"27":{"start":{"line":98,"column":23},"end":{"line":98,"column":51}},"28":{"start":{"line":99,"column":4},"end":{"line":104,"column":5}},"29":{"start":{"line":100,"column":6},"end":{"line":100,"column":18}},"30":{"start":{"line":103,"column":6},"end":{"line":103,"column":19}},"31":{"start":{"line":113,"column":4},"end":{"line":114,"column":19}},"32":{"start":{"line":114,"column":6},"end":{"line":114,"column":19}},"33":{"start":{"line":116,"column":23},"end":{"line":116,"column":51}},"34":{"start":{"line":117,"column":4},"end":{"line":119,"column":5}},"35":{"start":{"line":118,"column":6},"end":{"line":118,"column":104}},"36":{"start":{"line":123,"column":4},"end":{"line":130,"column":5}},"37":{"start":{"line":124,"column":6},"end":{"line":129,"column":7}},"38":{"start":{"line":125,"column":8},"end":{"line":125,"column":133}},"39":{"start":{"line":128,"column":8},"end":{"line":128,"column":45}},"40":{"start":{"line":132,"column":4},"end":{"line":132,"column":46}},"41":{"start":{"line":146,"column":23},"end":{"line":146,"column":51}},"42":{"start":{"line":147,"column":4},"end":{"line":150,"column":5}},"43":{"start":{"line":148,"column":6},"end":{"line":148,"column":61}},"44":{"start":{"line":149,"column":6},"end":{"line":149,"column":19}},"45":{"start":{"line":152,"column":4},"end":{"line":152,"column":28}},"46":{"start":{"line":153,"column":4},"end":{"line":153,"column":39}},"47":{"start":{"line":154,"column":4},"end":{"line":154,"column":32}},"48":{"start":{"line":155,"column":4},"end":{"line":155,"column":16}},"49":{"start":{"line":175,"column":19},"end":{"line":175,"column":21}},"50":{"start":{"line":177,"column":4},"end":{"line":186,"column":5}},"51":{"start":{"line":178,"column":6},"end":{"line":178,"column":70}},"52":{"start":{"line":179,"column":6},"end":{"line":183,"column":8}},"53":{"start":{"line":184,"column":6},"end":{"line":184,"column":70}},"54":{"start":{"line":185,"column":6},"end":{"line":185,"column":74}},"55":{"start":{"line":188,"column":4},"end":{"line":188,"column":33}},"56":{"start":{"line":192,"column":19},"end":{"line":192,"column":53}},"57":{"start":{"line":195,"column":4},"end":{"line":201,"column":5}},"58":{"start":{"line":196,"column":6},"end":{"line":196,"column":39}},"59":{"start":{"line":197,"column":6},"end":{"line":197,"column":16}},"60":{"start":{"line":200,"column":6},"end":{"line":200,"column":34}},"61":{"start":{"line":219,"column":4},"end":{"line":219,"column":50}},"62":{"start":{"line":223,"column":22},"end":{"line":223,"column":52}},"63":{"start":{"line":224,"column":22},"end":{"line":227,"column":5}},"64":{"start":{"line":228,"column":4},"end":{"line":228,"column":49}},"65":{"start":{"line":243,"column":19},"end":{"line":243,"column":49}},"66":{"start":{"line":244,"column":4},"end":{"line":244,"column":34}},"67":{"start":{"line":245,"column":4},"end":{"line":245,"column":50}},"68":{"start":{"line":249,"column":35},"end":{"line":249,"column":36}},"69":{"start":{"line":250,"column":23},"end":{"line":250,"column":51}},"70":{"start":{"line":251,"column":4},"end":{"line":253,"column":5}},"71":{"start":{"line":252,"column":6},"end":{"line":252,"column":80}},"72":{"start":{"line":254,"column":4},"end":{"line":254,"column":36}},"73":{"start":{"line":268,"column":4},"end":{"line":268,"column":65}},"74":{"start":{"line":272,"column":18},"end":{"line":272,"column":72}},"75":{"start":{"line":273,"column":4},"end":{"line":273,"column":19}},"76":{"start":{"line":274,"column":4},"end":{"line":274,"column":69}}},"fnMap":{"0":{"name":"getMostRecentMessage","decl":{"start":{"line":7,"column":9},"end":{"line":7,"column":29}},"loc":{"start":{"line":7,"column":40},"end":{"line":17,"column":1}},"line":7},"1":{"name":"(anonymous_1)","decl":{"start":{"line":50,"column":17},"end":{"line":50,"column":18}},"loc":{"start":{"line":50,"column":34},"end":{"line":58,"column":3}},"line":50},"2":{"name":"(anonymous_2)","decl":{"start":{"line":60,"column":20},"end":{"line":60,"column":21}},"loc":{"start":{"line":60,"column":59},"end":{"line":62,"column":3}},"line":60},"3":{"name":"(anonymous_3)","decl":{"start":{"line":64,"column":19},"end":{"line":64,"column":20}},"loc":{"start":{"line":64,"column":36},"end":{"line":75,"column":3}},"line":64},"4":{"name":"(anonymous_4)","decl":{"start":{"line":77,"column":18},"end":{"line":77,"column":19}},"loc":{"start":{"line":77,"column":48},"end":{"line":85,"column":3}},"line":77},"5":{"name":"(anonymous_5)","decl":{"start":{"line":87,"column":19},"end":{"line":87,"column":20}},"loc":{"start":{"line":87,"column":38},"end":{"line":89,"column":3}},"line":87},"6":{"name":"(anonymous_6)","decl":{"start":{"line":91,"column":18},"end":{"line":91,"column":19}},"loc":{"start":{"line":91,"column":46},"end":{"line":95,"column":3}},"line":91},"7":{"name":"(anonymous_7)","decl":{"start":{"line":97,"column":21},"end":{"line":97,"column":22}},"loc":{"start":{"line":97,"column":40},"end":{"line":105,"column":3}},"line":97},"8":{"name":"(anonymous_8)","decl":{"start":{"line":112,"column":21},"end":{"line":112,"column":22}},"loc":{"start":{"line":112,"column":49},"end":{"line":133,"column":3}},"line":112},"9":{"name":"(anonymous_9)","decl":{"start":{"line":141,"column":22},"end":{"line":141,"column":23}},"loc":{"start":{"line":141,"column":47},"end":{"line":143,"column":3}},"line":141},"10":{"name":"(anonymous_10)","decl":{"start":{"line":145,"column":21},"end":{"line":145,"column":22}},"loc":{"start":{"line":145,"column":40},"end":{"line":156,"column":3}},"line":145},"11":{"name":"(anonymous_11)","decl":{"start":{"line":163,"column":26},"end":{"line":163,"column":27}},"loc":{"start":{"line":163,"column":65},"end":{"line":189,"column":3}},"line":163},"12":{"name":"(anonymous_12)","decl":{"start":{"line":191,"column":15},"end":{"line":191,"column":16}},"loc":{"start":{"line":191,"column":38},"end":{"line":202,"column":3}},"line":191},"13":{"name":"(anonymous_13)","decl":{"start":{"line":218,"column":15},"end":{"line":218,"column":16}},"loc":{"start":{"line":218,"column":48},"end":{"line":220,"column":3}},"line":218},"14":{"name":"(anonymous_14)","decl":{"start":{"line":222,"column":18},"end":{"line":222,"column":19}},"loc":{"start":{"line":222,"column":51},"end":{"line":229,"column":3}},"line":222},"15":{"name":"(anonymous_15)","decl":{"start":{"line":242,"column":17},"end":{"line":242,"column":18}},"loc":{"start":{"line":242,"column":60},"end":{"line":246,"column":3}},"line":242},"16":{"name":"(anonymous_16)","decl":{"start":{"line":248,"column":31},"end":{"line":248,"column":32}},"loc":{"start":{"line":248,"column":48},"end":{"line":265,"column":3}},"line":248},"17":{"name":"(anonymous_17)","decl":{"start":{"line":267,"column":31},"end":{"line":267,"column":32}},"loc":{"start":{"line":267,"column":51},"end":{"line":269,"column":3}},"line":267},"18":{"name":"(anonymous_18)","decl":{"start":{"line":271,"column":31},"end":{"line":271,"column":32}},"loc":{"start":{"line":271,"column":51},"end":{"line":275,"column":3}},"line":271}},"branchMap":{"0":{"loc":{"start":{"line":12,"column":4},"end":{"line":14,"column":5}},"type":"if","locations":[{"start":{"line":12,"column":4},"end":{"line":14,"column":5}},{"start":{"line":12,"column":4},"end":{"line":14,"column":5}}],"line":12},"1":{"loc":{"start":{"line":68,"column":4},"end":{"line":74,"column":5}},"type":"if","locations":[{"start":{"line":68,"column":4},"end":{"line":74,"column":5}},{"start":{"line":68,"column":4},"end":{"line":74,"column":5}}],"line":68},"2":{"loc":{"start":{"line":79,"column":4},"end":{"line":84,"column":5}},"type":"if","locations":[{"start":{"line":79,"column":4},"end":{"line":84,"column":5}},{"start":{"line":79,"column":4},"end":{"line":84,"column":5}}],"line":79},"3":{"loc":{"start":{"line":99,"column":4},"end":{"line":104,"column":5}},"type":"if","locations":[{"start":{"line":99,"column":4},"end":{"line":104,"column":5}},{"start":{"line":99,"column":4},"end":{"line":104,"column":5}}],"line":99},"4":{"loc":{"start":{"line":113,"column":4},"end":{"line":114,"column":19}},"type":"if","locations":[{"start":{"line":113,"column":4},"end":{"line":114,"column":19}},{"start":{"line":113,"column":4},"end":{"line":114,"column":19}}],"line":113},"5":{"loc":{"start":{"line":117,"column":4},"end":{"line":119,"column":5}},"type":"if","locations":[{"start":{"line":117,"column":4},"end":{"line":119,"column":5}},{"start":{"line":117,"column":4},"end":{"line":119,"column":5}}],"line":117},"6":{"loc":{"start":{"line":124,"column":6},"end":{"line":129,"column":7}},"type":"if","locations":[{"start":{"line":124,"column":6},"end":{"line":129,"column":7}},{"start":{"line":124,"column":6},"end":{"line":129,"column":7}}],"line":124},"7":{"loc":{"start":{"line":147,"column":4},"end":{"line":150,"column":5}},"type":"if","locations":[{"start":{"line":147,"column":4},"end":{"line":150,"column":5}},{"start":{"line":147,"column":4},"end":{"line":150,"column":5}}],"line":147},"8":{"loc":{"start":{"line":182,"column":32},"end":{"line":182,"column":104}},"type":"cond-expr","locations":[{"start":{"line":182,"column":59},"end":{"line":182,"column":60}},{"start":{"line":182,"column":63},"end":{"line":182,"column":104}}],"line":182},"9":{"loc":{"start":{"line":195,"column":4},"end":{"line":201,"column":5}},"type":"if","locations":[{"start":{"line":195,"column":4},"end":{"line":201,"column":5}},{"start":{"line":195,"column":4},"end":{"line":201,"column":5}}],"line":195}},"s":{"0":0,"1":0,"2":0,"3":0,"4":0,"5":0,"6":0,"7":2,"8":0,"9":0,"10":0,"11":0,"12":0,"13":0,"14":0,"15":0,"16":0,"17":0,"18":0,"19":0,"20":0,"21":0,"22":0,"23":0,"24":0,"25":0,"26":0,"27":0,"28":0,"29":0,"30":0,"31":0,"32":0,"33":0,"34":0,"35":0,"36":0,"37":0,"38":0,"39":0,"40":0,"41":0,"42":0,"43":0,"44":0,"45":0,"46":0,"47":0,"48":0,"49":0,"50":0,"51":0,"52":0,"53":0,"54":0,"55":0,"56":0,"57":0,"58":0,"59":0,"60":0,"61":0,"62":0,"63":0,"64":0,"65":0,"66":0,"67":0,"68":0,"69":0,"70":0,"71":0,"72":0,"73":0,"74":0,"75":0,"76":0},"f":{"0":0,"1":0,"2":0,"3":0,"4":0,"5":0,"6":0,"7":0,"8":0,"9":0,"10":0,"11":0,"12":0,"13":0,"14":0,"15":0,"16":0,"17":0,"18":0},"b":{"0":[0,0],"1":[0,0],"2":[0,0],"3":[0,0],"4":[0,0],"5":[0,0],"6":[0,0],"7":[0,0],"8":[0,0],"9":[0,0]},"_coverageSchema":"1a1c01bbd47fc00a2c39e90264f33305004495a9","hash":"e5797f568ed609ece4f95eb13d59e19827d324d5"}
,"/Users/mk/Projects/lyfestyle/util/DatabaseCaller.js": {"path":"/Users/mk/Projects/lyfestyle/util/DatabaseCaller.js","statementMap":{"0":{"start":{"line":5,"column":11},"end":{"line":191,"column":1}},"1":{"start":{"line":7,"column":25},"end":{"line":7,"column":56}},"2":{"start":{"line":8,"column":23},"end":{"line":8,"column":89}},"3":{"start":{"line":9,"column":8},"end":{"line":9,"column":30}},"4":{"start":{"line":13,"column":8},"end":{"line":13,"column":47}},"5":{"start":{"line":17,"column":21},"end":{"line":17,"column":44}},"6":{"start":{"line":18,"column":8},"end":{"line":27,"column":9}},"7":{"start":{"line":19,"column":26},"end":{"line":19,"column":101}},"8":{"start":{"line":20,"column":12},"end":{"line":20,"column":36}},"9":{"start":{"line":21,"column":12},"end":{"line":21,"column":49}},"10":{"start":{"line":22,"column":12},"end":{"line":22,"column":27}},"11":{"start":{"line":25,"column":12},"end":{"line":25,"column":65}},"12":{"start":{"line":26,"column":12},"end":{"line":26,"column":24}},"13":{"start":{"line":31,"column":8},"end":{"line":40,"column":9}},"14":{"start":{"line":32,"column":23},"end":{"line":32,"column":81}},"15":{"start":{"line":33,"column":12},"end":{"line":33,"column":30}},"16":{"start":{"line":34,"column":12},"end":{"line":34,"column":26}},"17":{"start":{"line":35,"column":12},"end":{"line":35,"column":24}},"18":{"start":{"line":38,"column":12},"end":{"line":38,"column":50}},"19":{"start":{"line":39,"column":12},"end":{"line":39,"column":24}},"20":{"start":{"line":44,"column":20},"end":{"line":44,"column":22}},"21":{"start":{"line":45,"column":8},"end":{"line":56,"column":9}},"22":{"start":{"line":46,"column":12},"end":{"line":46,"column":47}},"23":{"start":{"line":47,"column":12},"end":{"line":49,"column":13}},"24":{"start":{"line":48,"column":16},"end":{"line":48,"column":49}},"25":{"start":{"line":51,"column":12},"end":{"line":51,"column":44}},"26":{"start":{"line":54,"column":12},"end":{"line":54,"column":47}},"27":{"start":{"line":55,"column":12},"end":{"line":55,"column":22}},"28":{"start":{"line":60,"column":8},"end":{"line":67,"column":9}},"29":{"start":{"line":61,"column":30},"end":{"line":61,"column":96}},"30":{"start":{"line":62,"column":12},"end":{"line":62,"column":31}},"31":{"start":{"line":65,"column":12},"end":{"line":65,"column":58}},"32":{"start":{"line":66,"column":12},"end":{"line":66,"column":22}},"33":{"start":{"line":78,"column":23},"end":{"line":78,"column":25}},"34":{"start":{"line":79,"column":8},"end":{"line":85,"column":9}},"35":{"start":{"line":80,"column":12},"end":{"line":80,"column":123}},"36":{"start":{"line":83,"column":12},"end":{"line":83,"column":54}},"37":{"start":{"line":84,"column":12},"end":{"line":84,"column":19}},"38":{"start":{"line":86,"column":8},"end":{"line":86,"column":47}},"39":{"start":{"line":89,"column":8},"end":{"line":96,"column":9}},"40":{"start":{"line":90,"column":12},"end":{"line":95,"column":13}},"41":{"start":{"line":91,"column":16},"end":{"line":91,"column":103}},"42":{"start":{"line":94,"column":16},"end":{"line":94,"column":71}},"43":{"start":{"line":97,"column":8},"end":{"line":97,"column":24}},"44":{"start":{"line":101,"column":8},"end":{"line":101,"column":95}},"45":{"start":{"line":102,"column":8},"end":{"line":122,"column":15}},"46":{"start":{"line":114,"column":31},"end":{"line":114,"column":45}},"47":{"start":{"line":115,"column":16},"end":{"line":115,"column":76}},"48":{"start":{"line":118,"column":16},"end":{"line":121,"column":17}},"49":{"start":{"line":119,"column":20},"end":{"line":119,"column":69}},"50":{"start":{"line":120,"column":20},"end":{"line":120,"column":45}},"51":{"start":{"line":126,"column":8},"end":{"line":126,"column":93}},"52":{"start":{"line":130,"column":8},"end":{"line":137,"column":9}},"53":{"start":{"line":131,"column":12},"end":{"line":131,"column":99}},"54":{"start":{"line":132,"column":12},"end":{"line":132,"column":24}},"55":{"start":{"line":135,"column":12},"end":{"line":135,"column":67}},"56":{"start":{"line":136,"column":12},"end":{"line":136,"column":25}},"57":{"start":{"line":145,"column":26},"end":{"line":145,"column":71}},"58":{"start":{"line":146,"column":25},"end":{"line":146,"column":43}},"59":{"start":{"line":147,"column":8},"end":{"line":147,"column":38}},"60":{"start":{"line":148,"column":8},"end":{"line":148,"column":30}},"61":{"start":{"line":160,"column":23},"end":{"line":160,"column":62}},"62":{"start":{"line":161,"column":8},"end":{"line":161,"column":39}},"63":{"start":{"line":164,"column":18},"end":{"line":164,"column":53}},"64":{"start":{"line":165,"column":8},"end":{"line":167,"column":11}},"65":{"start":{"line":168,"column":25},"end":{"line":168,"column":67}},"66":{"start":{"line":171,"column":8},"end":{"line":174,"column":9}},"67":{"start":{"line":179,"column":8},"end":{"line":189,"column":9}},"68":{"start":{"line":180,"column":20},"end":{"line":180,"column":61}},"69":{"start":{"line":181,"column":10},"end":{"line":181,"column":35}},"70":{"start":{"line":182,"column":20},"end":{"line":182,"column":48}},"71":{"start":{"line":183,"column":10},"end":{"line":183,"column":33}},"72":{"start":{"line":184,"column":22},"end":{"line":184,"column":45}},"73":{"start":{"line":185,"column":10},"end":{"line":185,"column":29}},"74":{"start":{"line":188,"column":12},"end":{"line":188,"column":56}}},"fnMap":{"0":{"name":"(anonymous_0)","decl":{"start":{"line":6,"column":20},"end":{"line":6,"column":21}},"loc":{"start":{"line":6,"column":37},"end":{"line":10,"column":5}},"line":6},"1":{"name":"(anonymous_1)","decl":{"start":{"line":12,"column":22},"end":{"line":12,"column":23}},"loc":{"start":{"line":12,"column":33},"end":{"line":14,"column":5}},"line":12},"2":{"name":"(anonymous_2)","decl":{"start":{"line":16,"column":20},"end":{"line":16,"column":21}},"loc":{"start":{"line":16,"column":37},"end":{"line":28,"column":5}},"line":16},"3":{"name":"(anonymous_3)","decl":{"start":{"line":30,"column":17},"end":{"line":30,"column":18}},"loc":{"start":{"line":30,"column":36},"end":{"line":41,"column":5}},"line":30},"4":{"name":"(anonymous_4)","decl":{"start":{"line":43,"column":26},"end":{"line":43,"column":27}},"loc":{"start":{"line":43,"column":46},"end":{"line":57,"column":5}},"line":43},"5":{"name":"(anonymous_5)","decl":{"start":{"line":59,"column":20},"end":{"line":59,"column":21}},"loc":{"start":{"line":59,"column":39},"end":{"line":68,"column":5}},"line":59},"6":{"name":"(anonymous_6)","decl":{"start":{"line":70,"column":20},"end":{"line":70,"column":21}},"loc":{"start":{"line":70,"column":37},"end":{"line":98,"column":5}},"line":70},"7":{"name":"(anonymous_7)","decl":{"start":{"line":100,"column":26},"end":{"line":100,"column":27}},"loc":{"start":{"line":100,"column":45},"end":{"line":123,"column":5}},"line":100},"8":{"name":"(anonymous_8)","decl":{"start":{"line":103,"column":12},"end":{"line":103,"column":13}},"loc":{"start":{"line":103,"column":26},"end":{"line":122,"column":13}},"line":103},"9":{"name":"(anonymous_9)","decl":{"start":{"line":125,"column":30},"end":{"line":125,"column":31}},"loc":{"start":{"line":125,"column":41},"end":{"line":127,"column":5}},"line":125},"10":{"name":"(anonymous_10)","decl":{"start":{"line":129,"column":27},"end":{"line":129,"column":28}},"loc":{"start":{"line":129,"column":44},"end":{"line":138,"column":5}},"line":129},"11":{"name":"(anonymous_11)","decl":{"start":{"line":144,"column":20},"end":{"line":144,"column":21}},"loc":{"start":{"line":144,"column":52},"end":{"line":149,"column":5}},"line":144},"12":{"name":"(anonymous_12)","decl":{"start":{"line":158,"column":26},"end":{"line":158,"column":27}},"loc":{"start":{"line":158,"column":47},"end":{"line":175,"column":5}},"line":158},"13":{"name":"(anonymous_13)","decl":{"start":{"line":177,"column":10},"end":{"line":177,"column":11}},"loc":{"start":{"line":177,"column":27},"end":{"line":190,"column":5}},"line":177}},"branchMap":{"0":{"loc":{"start":{"line":89,"column":8},"end":{"line":96,"column":9}},"type":"if","locations":[{"start":{"line":89,"column":8},"end":{"line":96,"column":9}},{"start":{"line":89,"column":8},"end":{"line":96,"column":9}}],"line":89},"1":{"loc":{"start":{"line":118,"column":16},"end":{"line":121,"column":17}},"type":"if","locations":[{"start":{"line":118,"column":16},"end":{"line":121,"column":17}},{"start":{"line":118,"column":16},"end":{"line":121,"column":17}}],"line":118}},"s":{"0":2,"1":0,"2":0,"3":0,"4":0,"5":0,"6":0,"7":0,"8":0,"9":0,"10":0,"11":0,"12":0,"13":0,"14":0,"15":0,"16":0,"17":0,"18":0,"19":0,"20":0,"21":0,"22":0,"23":0,"24":0,"25":0,"26":0,"27":0,"28":0,"29":0,"30":0,"31":0,"32":0,"33":0,"34":0,"35":0,"36":0,"37":0,"38":0,"39":0,"40":0,"41":0,"42":0,"43":0,"44":0,"45":0,"46":0,"47":0,"48":0,"49":0,"50":0,"51":0,"52":0,"53":0,"54":0,"55":0,"56":0,"57":0,"58":0,"59":0,"60":0,"61":0,"62":0,"63":0,"64":0,"65":0,"66":0,"67":0,"68":0,"69":0,"70":0,"71":0,"72":0,"73":0,"74":0},"f":{"0":0,"1":0,"2":0,"3":0,"4":0,"5":0,"6":0,"7":0,"8":0,"9":0,"10":0,"11":0,"12":0,"13":0},"b":{"0":[0,0],"1":[0,0]},"_coverageSchema":"1a1c01bbd47fc00a2c39e90264f33305004495a9","hash":"b12b4a728ecb6114b1bfeac7d8c4c0e96398c8b7"}
,"/Users/mk/Projects/lyfestyle/util/FriendService.js": {"path":"/Users/mk/Projects/lyfestyle/util/FriendService.js","statementMap":{"0":{"start":{"line":5,"column":14},"end":{"line":5,"column":45}},"1":{"start":{"line":6,"column":18},"end":{"line":6,"column":58}},"2":{"start":{"line":7,"column":4},"end":{"line":7,"column":19}}},"fnMap":{"0":{"name":"(anonymous_0)","decl":{"start":{"line":4,"column":2},"end":{"line":4,"column":3}},"loc":{"start":{"line":4,"column":32},"end":{"line":8,"column":3}},"line":4}},"branchMap":{},"s":{"0":0,"1":0,"2":0},"f":{"0":0},"b":{},"_coverageSchema":"1a1c01bbd47fc00a2c39e90264f33305004495a9","hash":"9cd76259db3cac08a2fe37f6e53775776fdb638f"}
,"/Users/mk/Projects/lyfestyle/util/firebase_queries.js": {"path":"/Users/mk/Projects/lyfestyle/util/firebase_queries.js","statementMap":{"0":{"start":{"line":5,"column":0},"end":{"line":114,"column":1}},"1":{"start":{"line":8,"column":14},"end":{"line":8,"column":45}},"2":{"start":{"line":9,"column":4},"end":{"line":15,"column":9}},"3":{"start":{"line":13,"column":8},"end":{"line":14,"column":28}},"4":{"start":{"line":13,"column":22},"end":{"line":13,"column":47}},"5":{"start":{"line":14,"column":13},"end":{"line":14,"column":28}},"6":{"start":{"line":20,"column":4},"end":{"line":26,"column":9}},"7":{"start":{"line":24,"column":8},"end":{"line":25,"column":28}},"8":{"start":{"line":24,"column":22},"end":{"line":24,"column":47}},"9":{"start":{"line":25,"column":13},"end":{"line":25,"column":28}},"10":{"start":{"line":34,"column":18},"end":{"line":34,"column":49}},"11":{"start":{"line":35,"column":8},"end":{"line":35,"column":65}},"12":{"start":{"line":36,"column":8},"end":{"line":46,"column":14}},"13":{"start":{"line":39,"column":16},"end":{"line":41,"column":17}},"14":{"start":{"line":40,"column":20},"end":{"line":40,"column":45}},"15":{"start":{"line":42,"column":16},"end":{"line":42,"column":61}},"16":{"start":{"line":45,"column":16},"end":{"line":45,"column":50}},"17":{"start":{"line":51,"column":4},"end":{"line":62,"column":9}},"18":{"start":{"line":57,"column":8},"end":{"line":60,"column":9}},"19":{"start":{"line":58,"column":10},"end":{"line":59,"column":30}},"20":{"start":{"line":58,"column":24},"end":{"line":58,"column":49}},"21":{"start":{"line":59,"column":15},"end":{"line":59,"column":30}},"22":{"start":{"line":66,"column":14},"end":{"line":66,"column":45}},"23":{"start":{"line":67,"column":4},"end":{"line":78,"column":9}},"24":{"start":{"line":74,"column":8},"end":{"line":77,"column":9}},"25":{"start":{"line":75,"column":10},"end":{"line":76,"column":30}},"26":{"start":{"line":75,"column":24},"end":{"line":75,"column":49}},"27":{"start":{"line":76,"column":15},"end":{"line":76,"column":30}},"28":{"start":{"line":83,"column":18},"end":{"line":83,"column":49}},"29":{"start":{"line":84,"column":19},"end":{"line":84,"column":58}},"30":{"start":{"line":86,"column":8},"end":{"line":86,"column":28}},"31":{"start":{"line":87,"column":8},"end":{"line":87,"column":31}},"32":{"start":{"line":88,"column":8},"end":{"line":88,"column":64}},"33":{"start":{"line":89,"column":8},"end":{"line":111,"column":9}},"34":{"start":{"line":90,"column":12},"end":{"line":100,"column":18}},"35":{"start":{"line":93,"column":20},"end":{"line":96,"column":21}},"36":{"start":{"line":94,"column":33},"end":{"line":94,"column":45}},"37":{"start":{"line":95,"column":24},"end":{"line":95,"column":50}},"38":{"start":{"line":99,"column":20},"end":{"line":99,"column":54}},"39":{"start":{"line":103,"column":12},"end":{"line":110,"column":18}},"40":{"start":{"line":106,"column":20},"end":{"line":106,"column":34}},"41":{"start":{"line":109,"column":20},"end":{"line":109,"column":54}}},"fnMap":{"0":{"name":"(anonymous_0)","decl":{"start":{"line":7,"column":18},"end":{"line":7,"column":19}},"loc":{"start":{"line":7,"column":32},"end":{"line":16,"column":3}},"line":7},"1":{"name":"(anonymous_1)","decl":{"start":{"line":12,"column":21},"end":{"line":12,"column":22}},"loc":{"start":{"line":12,"column":41},"end":{"line":15,"column":7}},"line":12},"2":{"name":"(anonymous_2)","decl":{"start":{"line":19,"column":15},"end":{"line":19,"column":16}},"loc":{"start":{"line":19,"column":34},"end":{"line":27,"column":3}},"line":19},"3":{"name":"(anonymous_3)","decl":{"start":{"line":23,"column":21},"end":{"line":23,"column":22}},"loc":{"start":{"line":23,"column":41},"end":{"line":26,"column":7}},"line":23},"4":{"name":"(anonymous_4)","decl":{"start":{"line":33,"column":23},"end":{"line":33,"column":24}},"loc":{"start":{"line":33,"column":40},"end":{"line":47,"column":5}},"line":33},"5":{"name":"(anonymous_5)","decl":{"start":{"line":38,"column":18},"end":{"line":38,"column":19}},"loc":{"start":{"line":38,"column":24},"end":{"line":43,"column":13}},"line":38},"6":{"name":"(anonymous_6)","decl":{"start":{"line":44,"column":19},"end":{"line":44,"column":20}},"loc":{"start":{"line":44,"column":28},"end":{"line":46,"column":13}},"line":44},"7":{"name":"(anonymous_7)","decl":{"start":{"line":50,"column":12},"end":{"line":50,"column":13}},"loc":{"start":{"line":50,"column":26},"end":{"line":63,"column":3}},"line":50},"8":{"name":"(anonymous_8)","decl":{"start":{"line":56,"column":19},"end":{"line":56,"column":20}},"loc":{"start":{"line":56,"column":39},"end":{"line":62,"column":7}},"line":56},"9":{"name":"(anonymous_9)","decl":{"start":{"line":65,"column":20},"end":{"line":65,"column":21}},"loc":{"start":{"line":65,"column":34},"end":{"line":79,"column":3}},"line":65},"10":{"name":"(anonymous_10)","decl":{"start":{"line":73,"column":19},"end":{"line":73,"column":20}},"loc":{"start":{"line":73,"column":39},"end":{"line":78,"column":7}},"line":73},"11":{"name":"(anonymous_11)","decl":{"start":{"line":82,"column":16},"end":{"line":82,"column":17}},"loc":{"start":{"line":82,"column":33},"end":{"line":113,"column":5}},"line":82},"12":{"name":"(anonymous_12)","decl":{"start":{"line":92,"column":22},"end":{"line":92,"column":23}},"loc":{"start":{"line":92,"column":40},"end":{"line":97,"column":17}},"line":92},"13":{"name":"(anonymous_13)","decl":{"start":{"line":98,"column":23},"end":{"line":98,"column":24}},"loc":{"start":{"line":98,"column":32},"end":{"line":100,"column":17}},"line":98},"14":{"name":"(anonymous_14)","decl":{"start":{"line":105,"column":22},"end":{"line":105,"column":23}},"loc":{"start":{"line":105,"column":34},"end":{"line":107,"column":17}},"line":105},"15":{"name":"(anonymous_15)","decl":{"start":{"line":108,"column":23},"end":{"line":108,"column":24}},"loc":{"start":{"line":108,"column":32},"end":{"line":110,"column":17}},"line":108}},"branchMap":{"0":{"loc":{"start":{"line":13,"column":8},"end":{"line":14,"column":28}},"type":"if","locations":[{"start":{"line":13,"column":8},"end":{"line":14,"column":28}},{"start":{"line":13,"column":8},"end":{"line":14,"column":28}}],"line":13},"1":{"loc":{"start":{"line":24,"column":8},"end":{"line":25,"column":28}},"type":"if","locations":[{"start":{"line":24,"column":8},"end":{"line":25,"column":28}},{"start":{"line":24,"column":8},"end":{"line":25,"column":28}}],"line":24},"2":{"loc":{"start":{"line":39,"column":16},"end":{"line":41,"column":17}},"type":"if","locations":[{"start":{"line":39,"column":16},"end":{"line":41,"column":17}},{"start":{"line":39,"column":16},"end":{"line":41,"column":17}}],"line":39},"3":{"loc":{"start":{"line":57,"column":8},"end":{"line":60,"column":9}},"type":"if","locations":[{"start":{"line":57,"column":8},"end":{"line":60,"column":9}},{"start":{"line":57,"column":8},"end":{"line":60,"column":9}}],"line":57},"4":{"loc":{"start":{"line":58,"column":10},"end":{"line":59,"column":30}},"type":"if","locations":[{"start":{"line":58,"column":10},"end":{"line":59,"column":30}},{"start":{"line":58,"column":10},"end":{"line":59,"column":30}}],"line":58},"5":{"loc":{"start":{"line":74,"column":8},"end":{"line":77,"column":9}},"type":"if","locations":[{"start":{"line":74,"column":8},"end":{"line":77,"column":9}},{"start":{"line":74,"column":8},"end":{"line":77,"column":9}}],"line":74},"6":{"loc":{"start":{"line":75,"column":10},"end":{"line":76,"column":30}},"type":"if","locations":[{"start":{"line":75,"column":10},"end":{"line":76,"column":30}},{"start":{"line":75,"column":10},"end":{"line":76,"column":30}}],"line":75},"7":{"loc":{"start":{"line":89,"column":8},"end":{"line":111,"column":9}},"type":"if","locations":[{"start":{"line":89,"column":8},"end":{"line":111,"column":9}},{"start":{"line":89,"column":8},"end":{"line":111,"column":9}}],"line":89},"8":{"loc":{"start":{"line":93,"column":20},"end":{"line":96,"column":21}},"type":"if","locations":[{"start":{"line":93,"column":20},"end":{"line":96,"column":21}},{"start":{"line":93,"column":20},"end":{"line":96,"column":21}}],"line":93}},"s":{"0":4,"1":0,"2":0,"3":0,"4":0,"5":0,"6":0,"7":0,"8":0,"9":0,"10":0,"11":0,"12":0,"13":0,"14":0,"15":0,"16":0,"17":0,"18":0,"19":0,"20":0,"21":0,"22":0,"23":0,"24":0,"25":0,"26":0,"27":0,"28":0,"29":0,"30":0,"31":0,"32":0,"33":0,"34":0,"35":0,"36":0,"37":0,"38":0,"39":0,"40":0,"41":0},"f":{"0":0,"1":0,"2":0,"3":0,"4":0,"5":0,"6":0,"7":0,"8":0,"9":0,"10":0,"11":0,"12":0,"13":0,"14":0,"15":0},"b":{"0":[0,0],"1":[0,0],"2":[0,0],"3":[0,0],"4":[0,0],"5":[0,0],"6":[0,0],"7":[0,0],"8":[0,0]},"_coverageSchema":"1a1c01bbd47fc00a2c39e90264f33305004495a9","hash":"4716815b537d929e03852faf5b7c1624945d8701"}
,"/Users/mk/Projects/lyfestyle/util/image_upload.js": {"path":"/Users/mk/Projects/lyfestyle/util/image_upload.js","statementMap":{"0":{"start":{"line":2,"column":16},"end":{"line":18,"column":1}},"1":{"start":{"line":3,"column":4},"end":{"line":17,"column":7}},"2":{"start":{"line":5,"column":20},"end":{"line":5,"column":40}},"3":{"start":{"line":7,"column":8},"end":{"line":9,"column":10}},"4":{"start":{"line":8,"column":12},"end":{"line":8,"column":34}},"5":{"start":{"line":10,"column":8},"end":{"line":12,"column":10}},"6":{"start":{"line":11,"column":12},"end":{"line":11,"column":50}},"7":{"start":{"line":13,"column":8},"end":{"line":13,"column":34}},"8":{"start":{"line":15,"column":8},"end":{"line":15,"column":35}},"9":{"start":{"line":16,"column":8},"end":{"line":16,"column":23}},"10":{"start":{"line":20,"column":22},"end":{"line":33,"column":1}},"11":{"start":{"line":21,"column":22},"end":{"line":21,"column":59}},"12":{"start":{"line":22,"column":15},"end":{"line":22,"column":64}},"13":{"start":{"line":23,"column":4},"end":{"line":32,"column":11}},"14":{"start":{"line":26,"column":12},"end":{"line":26,"column":25}},"15":{"start":{"line":27,"column":12},"end":{"line":29,"column":14}},"16":{"start":{"line":28,"column":16},"end":{"line":28,"column":92}},"17":{"start":{"line":31,"column":12},"end":{"line":31,"column":59}},"18":{"start":{"line":35,"column":19},"end":{"line":50,"column":1}},"19":{"start":{"line":36,"column":22},"end":{"line":36,"column":59}},"20":{"start":{"line":38,"column":15},"end":{"line":38,"column":70}},"21":{"start":{"line":40,"column":4},"end":{"line":49,"column":7}},"22":{"start":{"line":43,"column":8},"end":{"line":43,"column":20}},"23":{"start":{"line":44,"column":8},"end":{"line":46,"column":10}},"24":{"start":{"line":45,"column":12},"end":{"line":45,"column":83}},"25":{"start":{"line":48,"column":8},"end":{"line":48,"column":45}},"26":{"start":{"line":53,"column":0},"end":{"line":79,"column":1}},"27":{"start":{"line":55,"column":19},"end":{"line":55,"column":33}},"28":{"start":{"line":56,"column":8},"end":{"line":56,"column":36}},"29":{"start":{"line":58,"column":8},"end":{"line":65,"column":15}},"30":{"start":{"line":60,"column":16},"end":{"line":60,"column":51}},"31":{"start":{"line":62,"column":16},"end":{"line":62,"column":45}},"32":{"start":{"line":64,"column":16},"end":{"line":64,"column":28}},"33":{"start":{"line":69,"column":8},"end":{"line":76,"column":15}},"34":{"start":{"line":71,"column":16},"end":{"line":71,"column":50}},"35":{"start":{"line":73,"column":16},"end":{"line":73,"column":45}},"36":{"start":{"line":75,"column":16},"end":{"line":75,"column":28}}},"fnMap":{"0":{"name":"(anonymous_0)","decl":{"start":{"line":2,"column":16},"end":{"line":2,"column":17}},"loc":{"start":{"line":2,"column":25},"end":{"line":18,"column":1}},"line":2},"1":{"name":"(anonymous_1)","decl":{"start":{"line":3,"column":23},"end":{"line":3,"column":24}},"loc":{"start":{"line":3,"column":44},"end":{"line":17,"column":5}},"line":3},"2":{"name":"(anonymous_2)","decl":{"start":{"line":7,"column":21},"end":{"line":7,"column":22}},"loc":{"start":{"line":7,"column":33},"end":{"line":9,"column":9}},"line":7},"3":{"name":"(anonymous_3)","decl":{"start":{"line":10,"column":22},"end":{"line":10,"column":23}},"loc":{"start":{"line":10,"column":34},"end":{"line":12,"column":9}},"line":10},"4":{"name":"(anonymous_4)","decl":{"start":{"line":20,"column":22},"end":{"line":20,"column":23}},"loc":{"start":{"line":20,"column":48},"end":{"line":33,"column":1}},"line":20},"5":{"name":"(anonymous_5)","decl":{"start":{"line":25,"column":16},"end":{"line":25,"column":17}},"loc":{"start":{"line":25,"column":30},"end":{"line":30,"column":9}},"line":25},"6":{"name":"(anonymous_6)","decl":{"start":{"line":27,"column":47},"end":{"line":27,"column":48}},"loc":{"start":{"line":27,"column":60},"end":{"line":29,"column":13}},"line":27},"7":{"name":"(anonymous_7)","decl":{"start":{"line":30,"column":17},"end":{"line":30,"column":18}},"loc":{"start":{"line":30,"column":28},"end":{"line":32,"column":9}},"line":30},"8":{"name":"(anonymous_8)","decl":{"start":{"line":35,"column":19},"end":{"line":35,"column":20}},"loc":{"start":{"line":35,"column":43},"end":{"line":50,"column":1}},"line":35},"9":{"name":"(anonymous_9)","decl":{"start":{"line":42,"column":12},"end":{"line":42,"column":13}},"loc":{"start":{"line":42,"column":26},"end":{"line":47,"column":5}},"line":42},"10":{"name":"(anonymous_10)","decl":{"start":{"line":44,"column":43},"end":{"line":44,"column":44}},"loc":{"start":{"line":44,"column":56},"end":{"line":46,"column":9}},"line":44},"11":{"name":"(anonymous_11)","decl":{"start":{"line":47,"column":13},"end":{"line":47,"column":14}},"loc":{"start":{"line":47,"column":24},"end":{"line":49,"column":5}},"line":47},"12":{"name":"(anonymous_12)","decl":{"start":{"line":54,"column":24},"end":{"line":54,"column":25}},"loc":{"start":{"line":54,"column":33},"end":{"line":66,"column":5}},"line":54},"13":{"name":"(anonymous_13)","decl":{"start":{"line":59,"column":18},"end":{"line":59,"column":19}},"loc":{"start":{"line":59,"column":28},"end":{"line":61,"column":13}},"line":59},"14":{"name":"(anonymous_14)","decl":{"start":{"line":61,"column":20},"end":{"line":61,"column":21}},"loc":{"start":{"line":61,"column":34},"end":{"line":63,"column":13}},"line":61},"15":{"name":"(anonymous_15)","decl":{"start":{"line":63,"column":21},"end":{"line":63,"column":22}},"loc":{"start":{"line":63,"column":32},"end":{"line":65,"column":13}},"line":63},"16":{"name":"(anonymous_16)","decl":{"start":{"line":68,"column":21},"end":{"line":68,"column":22}},"loc":{"start":{"line":68,"column":38},"end":{"line":77,"column":5}},"line":68},"17":{"name":"(anonymous_17)","decl":{"start":{"line":70,"column":18},"end":{"line":70,"column":19}},"loc":{"start":{"line":70,"column":28},"end":{"line":72,"column":13}},"line":70},"18":{"name":"(anonymous_18)","decl":{"start":{"line":72,"column":20},"end":{"line":72,"column":21}},"loc":{"start":{"line":72,"column":34},"end":{"line":74,"column":13}},"line":72},"19":{"name":"(anonymous_19)","decl":{"start":{"line":74,"column":21},"end":{"line":74,"column":22}},"loc":{"start":{"line":74,"column":32},"end":{"line":76,"column":13}},"line":74}},"branchMap":{},"s":{"0":4,"1":0,"2":0,"3":0,"4":0,"5":0,"6":0,"7":0,"8":0,"9":0,"10":4,"11":0,"12":0,"13":0,"14":0,"15":0,"16":0,"17":0,"18":4,"19":0,"20":0,"21":0,"22":0,"23":0,"24":0,"25":0,"26":4,"27":0,"28":0,"29":0,"30":0,"31":0,"32":0,"33":0,"34":0,"35":0,"36":0},"f":{"0":0,"1":0,"2":0,"3":0,"4":0,"5":0,"6":0,"7":0,"8":0,"9":0,"10":0,"11":0,"12":0,"13":0,"14":0,"15":0,"16":0,"17":0,"18":0,"19":0},"b":{},"_coverageSchema":"1a1c01bbd47fc00a2c39e90264f33305004495a9","hash":"7290b4aee3b9ab9af71eaaa3830fb13215a7b5d5"}
}
