TN:
SF:assets/dummyImages/tempAvatar.jpg
FNF:0
FNH:0
DA:1,1
LF:1
LH:1
BRF:0
BRH:0
end_of_record
TN:
SF:assets/dummyImages/tempImage1.jpg
FNF:0
FNH:0
DA:1,1
LF:1
LH:1
BRF:0
BRH:0
end_of_record
TN:
SF:assets/dummyImages/tempImage2.jpg
FNF:0
FNH:0
DA:1,1
LF:1
LH:1
BRF:0
BRH:0
end_of_record
TN:
SF:assets/dummyImages/tempImage3.jpg
FNF:0
FNH:0
DA:1,1
LF:1
LH:1
BRF:0
BRH:0
end_of_record
TN:
SF:assets/dummyImages/tempImage4.jpg
FNF:0
FNH:0
DA:1,1
LF:1
LH:1
BRF:0
BRH:0
end_of_record
TN:
SF:assets/images/1.jpg
FNF:0
FNH:0
DA:1,1
LF:1
LH:1
BRF:0
BRH:0
end_of_record
TN:
SF:assets/images/2.jpg
FNF:0
FNH:0
DA:1,1
LF:1
LH:1
BRF:0
BRH:0
end_of_record
TN:
SF:assets/images/3.jpg
FNF:0
FNH:0
DA:1,1
LF:1
LH:1
BRF:0
BRH:0
end_of_record
TN:
SF:assets/images/4.jpg
FNF:0
FNH:0
DA:1,1
LF:1
LH:1
BRF:0
BRH:0
end_of_record
TN:
SF:assets/images/5.jpg
FNF:0
FNH:0
DA:1,1
LF:1
LH:1
BRF:0
BRH:0
end_of_record
TN:
SF:assets/images/6.jpg
FNF:0
FNH:0
DA:1,1
LF:1
LH:1
BRF:0
BRH:0
end_of_record
TN:
SF:assets/images/7.jpg
FNF:0
FNH:0
DA:1,1
LF:1
LH:1
BRF:0
BRH:0
end_of_record
TN:
SF:assets/images/lyfestyle.png
FNF:0
FNH:0
DA:1,2
LF:1
LH:1
BRF:0
BRH:0
end_of_record
TN:
SF:assets/images/profile_pic.jpg
FNF:0
FNH:0
DA:1,1
LF:1
LH:1
BRF:0
BRH:0
end_of_record
TN:
SF:components/StyledText.js
FN:4,MonoText
FNF:1
FNH:1
FNDA:1,MonoText
DA:5,1
LF:1
LH:1
BRF:0
BRH:0
end_of_record
TN:
SF:constants/AuthContext.js
FNF:0
FNH:0
DA:3,4
LF:1
LH:1
BRF:0
BRH:0
end_of_record
TN:
SF:constants/ChatServiceContext.js
FNF:0
FNH:0
DA:3,2
LF:1
LH:1
BRF:0
BRH:0
end_of_record
TN:
SF:constants/firebase.js
FNF:0
FNH:0
DA:2,6
DA:4,6
DA:14,6
LF:3
LH:3
BRF:0
BRH:0
end_of_record
TN:
SF:screens/ChatScreen.js
FN:23,getChatUpdate
FN:46,ChatScreen
FN:56,(anonymous_2)
FN:63,(anonymous_3)
FN:64,(anonymous_4)
FN:76,(anonymous_5)
FN:77,initializeData
FN:124,(anonymous_7)
FN:125,(anonymous_8)
FN:134,(anonymous_9)
FN:135,(anonymous_10)
FN:145,(anonymous_11)
FN:150,(anonymous_12)
FN:158,(anonymous_13)
FN:178,(anonymous_14)
FNF:15
FNH:1
FNDA:0,getChatUpdate
FNDA:1,ChatScreen
FNDA:0,(anonymous_2)
FNDA:0,(anonymous_3)
FNDA:0,(anonymous_4)
FNDA:0,(anonymous_5)
FNDA:0,initializeData
FNDA:0,(anonymous_7)
FNDA:0,(anonymous_8)
FNDA:0,(anonymous_9)
FNDA:0,(anonymous_10)
FNDA:0,(anonymous_11)
FNDA:0,(anonymous_12)
FNDA:0,(anonymous_13)
FNDA:0,(anonymous_14)
DA:24,0
DA:47,1
DA:49,1
DA:50,1
DA:51,0
DA:52,0
DA:53,0
DA:56,0
DA:57,0
DA:58,0
DA:59,0
DA:63,0
DA:64,0
DA:66,0
DA:67,0
DA:70,0
DA:72,0
DA:76,0
DA:78,0
DA:84,0
DA:85,0
DA:88,0
DA:89,0
DA:90,0
DA:92,0
DA:95,0
DA:99,0
DA:100,0
DA:108,0
DA:109,0
DA:112,0
DA:113,0
DA:117,0
DA:119,0
DA:124,0
DA:125,0
DA:126,0
DA:127,0
DA:130,0
DA:134,0
DA:135,0
DA:136,0
DA:137,0
DA:140,0
DA:145,0
DA:146,0
DA:149,0
DA:150,0
DA:151,0
DA:153,0
DA:154,0
DA:158,0
DA:159,0
DA:161,0
DA:165,0
DA:178,0
LF:56
LH:3
BRDA:66,0,0,0
BRDA:66,0,1,0
BRDA:88,1,0,0
BRDA:88,1,1,0
BRDA:108,2,0,0
BRDA:108,2,1,0
BRDA:145,3,0,0
BRDA:149,4,0,0
BRDA:149,4,1,0
BRDA:166,5,0,0
BRDA:166,5,1,0
BRF:11
BRH:0
end_of_record
TN:
SF:screens/ChatSelectScreen.js
FN:24,formatAMPM
FN:37,RenderHead
FN:80,RenderLastMessage
FN:90,RenderPicture
FN:100,(anonymous_4)
FN:105,ChatSelectScreen
FN:121,(anonymous_6)
FN:123,(anonymous_7)
FN:130,(anonymous_8)
FN:136,(anonymous_9)
FN:142,(anonymous_10)
FN:147,(anonymous_11)
FN:151,(anonymous_12)
FN:167,(anonymous_13)
FN:185,(anonymous_14)
FN:190,(anonymous_15)
FN:196,(anonymous_16)
FN:207,(anonymous_17)
FN:213,(anonymous_18)
FN:225,(anonymous_19)
FN:228,(anonymous_20)
FN:236,(anonymous_21)
FN:252,(anonymous_22)
FN:253,(anonymous_23)
FN:273,(anonymous_24)
FN:283,(anonymous_25)
FN:300,(anonymous_26)
FN:331,(anonymous_27)
FN:341,(anonymous_28)
FN:357,(anonymous_29)
FN:359,(anonymous_30)
FN:368,(anonymous_31)
FN:373,(anonymous_32)
FN:377,(anonymous_33)
FN:392,(anonymous_34)
FN:403,(anonymous_35)
FN:420,(anonymous_36)
FN:428,(anonymous_37)
FN:442,(anonymous_38)
FN:445,(anonymous_39)
FN:448,(anonymous_40)
FN:449,(anonymous_41)
FN:458,(anonymous_42)
FN:459,(anonymous_43)
FN:476,(anonymous_44)
FN:478,(anonymous_45)
FN:499,(anonymous_46)
FNF:47
FNH:1
FNDA:0,formatAMPM
FNDA:0,RenderHead
FNDA:0,RenderLastMessage
FNDA:0,RenderPicture
FNDA:0,(anonymous_4)
FNDA:1,ChatSelectScreen
FNDA:0,(anonymous_6)
FNDA:0,(anonymous_7)
FNDA:0,(anonymous_8)
FNDA:0,(anonymous_9)
FNDA:0,(anonymous_10)
FNDA:0,(anonymous_11)
FNDA:0,(anonymous_12)
FNDA:0,(anonymous_13)
FNDA:0,(anonymous_14)
FNDA:0,(anonymous_15)
FNDA:0,(anonymous_16)
FNDA:0,(anonymous_17)
FNDA:0,(anonymous_18)
FNDA:0,(anonymous_19)
FNDA:0,(anonymous_20)
FNDA:0,(anonymous_21)
FNDA:0,(anonymous_22)
FNDA:0,(anonymous_23)
FNDA:0,(anonymous_24)
FNDA:0,(anonymous_25)
FNDA:0,(anonymous_26)
FNDA:0,(anonymous_27)
FNDA:0,(anonymous_28)
FNDA:0,(anonymous_29)
FNDA:0,(anonymous_30)
FNDA:0,(anonymous_31)
FNDA:0,(anonymous_32)
FNDA:0,(anonymous_33)
FNDA:0,(anonymous_34)
FNDA:0,(anonymous_35)
FNDA:0,(anonymous_36)
FNDA:0,(anonymous_37)
FNDA:0,(anonymous_38)
FNDA:0,(anonymous_39)
FNDA:0,(anonymous_40)
FNDA:0,(anonymous_41)
FNDA:0,(anonymous_42)
FNDA:0,(anonymous_43)
FNDA:0,(anonymous_44)
FNDA:0,(anonymous_45)
FNDA:0,(anonymous_46)
DA:25,0
DA:26,0
DA:27,0
DA:28,0
DA:29,0
DA:30,0
DA:31,0
DA:32,0
DA:41,0
DA:42,0
DA:44,0
DA:45,0
DA:46,0
DA:48,0
DA:51,0
DA:52,0
DA:53,0
DA:55,0
DA:56,0
DA:59,0
DA:60,0
DA:63,0
DA:66,0
DA:81,0
DA:91,0
DA:100,1
DA:101,0
DA:107,1
DA:108,1
DA:110,1
DA:111,1
DA:112,1
DA:113,1
DA:114,1
DA:115,1
DA:116,1
DA:117,1
DA:118,1
DA:121,1
DA:122,0
DA:123,0
DA:125,0
DA:130,1
DA:131,0
DA:132,0
DA:136,1
DA:139,0
DA:141,0
DA:142,0
DA:143,0
DA:144,0
DA:147,1
DA:148,0
DA:151,1
DA:161,0
DA:164,0
DA:165,0
DA:168,0
DA:169,0
DA:185,1
DA:186,0
DA:190,0
DA:198,0
DA:199,0
DA:207,1
DA:208,0
DA:209,0
DA:210,0
DA:213,1
DA:218,0
DA:221,0
DA:222,0
DA:225,1
DA:226,0
DA:227,0
DA:228,0
DA:229,0
DA:232,0
DA:236,1
DA:238,0
DA:239,0
DA:240,0
DA:241,0
DA:244,0
DA:252,1
DA:253,0
DA:255,0
DA:258,0
DA:262,1
DA:274,0
DA:284,0
DA:300,0
DA:332,0
DA:333,0
DA:342,0
DA:359,0
DA:360,0
DA:370,0
DA:371,0
DA:374,0
DA:377,0
DA:394,0
DA:395,0
DA:398,0
DA:399,0
DA:400,0
DA:401,0
DA:402,0
DA:404,0
DA:405,0
DA:406,0
DA:411,0
DA:412,0
DA:413,0
DA:415,0
DA:420,0
DA:428,0
DA:443,0
DA:446,0
DA:449,0
DA:450,0
DA:459,0
DA:477,0
DA:479,0
DA:499,0
DA:507,1
LF:126
LH:25
BRDA:27,0,0,0
BRDA:27,0,1,0
BRDA:29,1,0,0
BRDA:29,1,1,0
BRDA:30,2,0,0
BRDA:30,2,1,0
BRDA:55,3,0,0
BRDA:55,3,1,0
BRDA:55,4,0,0
BRDA:55,4,1,0
BRDA:59,5,0,0
BRDA:59,5,1,0
BRDA:94,6,0,0
BRDA:94,6,1,0
BRDA:131,7,0,0
BRDA:131,7,1,0
BRDA:227,8,0,0
BRDA:227,8,1,0
BRDA:239,9,0,0
BRDA:239,9,1,0
BRDA:305,10,0,1
BRDA:305,10,1,0
BRDA:394,11,0,0
BRDA:394,11,1,0
BRDA:404,12,0,0
BRDA:404,12,1,0
BRDA:482,13,0,0
BRDA:482,13,1,0
BRDA:485,14,0,0
BRDA:485,14,1,0
BRF:30
BRH:1
end_of_record
TN:
SF:screens/HomeScreen.js
FN:46,HomeScreen
FN:49,(anonymous_1)
FN:50,askPermission
FN:65,(anonymous_3)
FN:66,(anonymous_4)
FN:69,(anonymous_5)
FN:81,(anonymous_6)
FN:125,(anonymous_7)
FN:126,(anonymous_8)
FNF:9
FNH:1
FNDA:1,HomeScreen
FNDA:0,(anonymous_1)
FNDA:0,askPermission
FNDA:0,(anonymous_3)
FNDA:0,(anonymous_4)
FNDA:0,(anonymous_5)
FNDA:0,(anonymous_6)
FNDA:0,(anonymous_7)
FNDA:0,(anonymous_8)
DA:11,1
DA:47,1
DA:49,1
DA:51,0
DA:52,0
DA:55,0
DA:56,0
DA:57,0
DA:58,0
DA:62,0
DA:65,1
DA:66,0
DA:67,0
DA:68,0
DA:69,0
DA:70,0
DA:71,0
DA:72,0
DA:73,0
DA:76,0
DA:78,0
DA:81,1
DA:82,0
DA:116,1
DA:125,0
DA:126,0
DA:133,1
LF:27
LH:7
BRDA:51,0,0,0
BRDA:51,0,1,0
BRDA:57,1,0,0
BRDA:57,1,1,0
BRDA:57,2,0,0
BRDA:57,2,1,0
BRDA:68,3,0,0
BRDA:68,3,1,0
BRF:8
BRH:0
end_of_record
TN:
SF:screens/PostScreen.js
FN:17,(anonymous_0)
FN:22,(anonymous_1)
FN:23,askPermission
FN:37,(anonymous_3)
FN:46,(anonymous_4)
FN:50,(anonymous_5)
FN:56,(anonymous_6)
FN:60,(anonymous_7)
FN:68,(anonymous_8)
FN:73,(anonymous_9)
FN:92,(anonymous_10)
FN:106,(anonymous_11)
FN:115,(anonymous_12)
FNF:13
FNH:1
FNDA:1,(anonymous_0)
FNDA:0,(anonymous_1)
FNDA:0,askPermission
FNDA:0,(anonymous_3)
FNDA:0,(anonymous_4)
FNDA:0,(anonymous_5)
FNDA:0,(anonymous_6)
FNDA:0,(anonymous_7)
FNDA:0,(anonymous_8)
FNDA:0,(anonymous_9)
FNDA:0,(anonymous_10)
FNDA:0,(anonymous_11)
FNDA:0,(anonymous_12)
DA:17,1
DA:19,1
DA:20,1
DA:22,1
DA:24,0
DA:25,0
DA:28,0
DA:30,0
DA:31,0
DA:37,1
DA:38,0
DA:39,0
DA:40,0
DA:41,0
DA:46,1
DA:47,0
DA:51,0
DA:56,1
DA:57,0
DA:61,0
DA:65,1
DA:68,0
DA:74,0
DA:75,0
DA:93,0
DA:106,0
DA:115,0
DA:130,1
LF:28
LH:9
BRDA:24,0,0,0
BRDA:24,0,1,0
BRDA:30,1,0,0
BRDA:30,1,1,0
BRDA:30,2,0,0
BRDA:30,2,1,0
BRDA:37,3,0,0
BRDA:74,4,0,0
BRDA:74,4,1,0
BRDA:74,5,0,0
BRDA:74,5,1,0
BRDA:121,6,0,1
BRDA:121,6,1,0
BRF:13
BRH:1
end_of_record
TN:
SF:screens/ProfileScreen.js
FN:11,Profile
FN:31,(anonymous_1)
FNF:2
FNH:1
FNDA:1,Profile
FNDA:0,(anonymous_1)
DA:15,1
DA:31,0
DA:96,1
LF:3
LH:2
BRF:0
BRH:0
end_of_record
TN:
SF:screens/RegisterScreen.js
FN:20,(anonymous_0)
FN:27,(anonymous_1)
FN:34,(anonymous_2)
FN:38,(anonymous_3)
FN:44,(anonymous_4)
FN:65,(anonymous_5)
FN:73,(anonymous_6)
FN:82,(anonymous_7)
FN:86,(anonymous_8)
FN:91,(anonymous_9)
FNF:10
FNH:1
FNDA:1,(anonymous_0)
FNDA:0,(anonymous_1)
FNDA:0,(anonymous_2)
FNDA:0,(anonymous_3)
FNDA:0,(anonymous_4)
FNDA:0,(anonymous_5)
FNDA:0,(anonymous_6)
FNDA:0,(anonymous_7)
FNDA:0,(anonymous_8)
FNDA:0,(anonymous_9)
DA:20,1
DA:21,1
DA:22,1
DA:23,1
DA:24,1
DA:27,1
DA:28,0
DA:34,1
DA:35,0
DA:40,0
DA:44,1
DA:45,0
DA:48,1
DA:65,0
DA:73,0
DA:82,0
DA:86,0
DA:91,0
DA:116,1
LF:19
LH:10
BRDA:50,0,0,1
BRDA:50,0,1,0
BRF:2
BRH:1
end_of_record
TN:
SF:screens/SignInScreen.js
FN:19,(anonymous_0)
FN:25,(anonymous_1)
FN:46,(anonymous_2)
FN:55,(anonymous_3)
FN:59,(anonymous_4)
FN:64,(anonymous_5)
FNF:6
FNH:1
FNDA:1,(anonymous_0)
FNDA:0,(anonymous_1)
FNDA:0,(anonymous_2)
FNDA:0,(anonymous_3)
FNDA:0,(anonymous_4)
FNDA:0,(anonymous_5)
DA:19,1
DA:20,1
DA:21,1
DA:22,1
DA:25,1
DA:26,0
DA:29,1
DA:46,0
DA:55,0
DA:59,0
DA:64,0
DA:88,1
LF:12
LH:7
BRDA:31,0,0,1
BRDA:31,0,1,0
BRF:2
BRH:1
end_of_record
TN:
SF:screens/TrainingScreen.js
FN:7,(anonymous_0)
FN:9,(anonymous_1)
FNF:2
FNH:1
FNDA:1,(anonymous_0)
FNDA:0,(anonymous_1)
DA:7,1
DA:9,1
DA:10,0
DA:17,1
DA:150,1
LF:5
LH:4
BRF:0
BRH:0
end_of_record
TN:
SF:util/AsyncStorage.js
FN:4,(anonymous_0)
FN:18,(anonymous_1)
FN:37,(anonymous_2)
FNF:3
FNH:0
FNDA:0,(anonymous_0)
FNDA:0,(anonymous_1)
FNDA:0,(anonymous_2)
DA:3,2
DA:5,0
DA:6,0
DA:7,0
DA:9,0
DA:10,0
DA:13,0
DA:14,0
DA:19,0
DA:20,0
DA:21,0
DA:22,0
DA:23,0
DA:27,0
DA:28,0
DA:32,0
DA:33,0
DA:38,0
DA:39,0
DA:42,0
DA:43,0
LF:21
LH:1
BRDA:6,0,0,0
BRDA:6,0,1,0
BRDA:6,1,0,0
BRDA:6,1,1,0
BRDA:22,2,0,0
BRDA:22,2,1,0
BRF:6
BRH:0
end_of_record
TN:
SF:util/ChatStorage.js
FN:7,getMostRecentMessage
FN:50,(anonymous_1)
FN:60,(anonymous_2)
FN:64,(anonymous_3)
FN:77,(anonymous_4)
FN:87,(anonymous_5)
FN:91,(anonymous_6)
FN:97,(anonymous_7)
FN:112,(anonymous_8)
FN:141,(anonymous_9)
FN:145,(anonymous_10)
FN:163,(anonymous_11)
FN:191,(anonymous_12)
FN:218,(anonymous_13)
FN:222,(anonymous_14)
FN:242,(anonymous_15)
FN:248,(anonymous_16)
FN:267,(anonymous_17)
FN:271,(anonymous_18)
FNF:19
FNH:0
FNDA:0,getMostRecentMessage
FNDA:0,(anonymous_1)
FNDA:0,(anonymous_2)
FNDA:0,(anonymous_3)
FNDA:0,(anonymous_4)
FNDA:0,(anonymous_5)
FNDA:0,(anonymous_6)
FNDA:0,(anonymous_7)
FNDA:0,(anonymous_8)
FNDA:0,(anonymous_9)
FNDA:0,(anonymous_10)
FNDA:0,(anonymous_11)
FNDA:0,(anonymous_12)
FNDA:0,(anonymous_13)
FNDA:0,(anonymous_14)
FNDA:0,(anonymous_15)
FNDA:0,(anonymous_16)
FNDA:0,(anonymous_17)
FNDA:0,(anonymous_18)
DA:8,0
DA:9,0
DA:10,0
DA:11,0
DA:12,0
DA:13,0
DA:16,0
DA:49,2
DA:51,0
DA:52,0
DA:53,0
DA:54,0
DA:56,0
DA:57,0
DA:65,0
DA:68,0
DA:69,0
DA:70,0
DA:73,0
DA:78,0
DA:79,0
DA:80,0
DA:83,0
DA:88,0
DA:92,0
DA:93,0
DA:94,0
DA:98,0
DA:99,0
DA:100,0
DA:103,0
DA:113,0
DA:114,0
DA:116,0
DA:117,0
DA:118,0
DA:123,0
DA:124,0
DA:125,0
DA:128,0
DA:132,0
DA:146,0
DA:147,0
DA:148,0
DA:149,0
DA:152,0
DA:153,0
DA:154,0
DA:155,0
DA:175,0
DA:177,0
DA:178,0
DA:179,0
DA:184,0
DA:185,0
DA:188,0
DA:192,0
DA:195,0
DA:196,0
DA:197,0
DA:200,0
DA:219,0
DA:223,0
DA:224,0
DA:228,0
DA:243,0
DA:244,0
DA:245,0
DA:249,0
DA:250,0
DA:251,0
DA:252,0
DA:254,0
DA:268,0
DA:272,0
DA:273,0
DA:274,0
LF:77
LH:1
BRDA:12,0,0,0
BRDA:12,0,1,0
BRDA:68,1,0,0
BRDA:68,1,1,0
BRDA:79,2,0,0
BRDA:79,2,1,0
BRDA:99,3,0,0
BRDA:99,3,1,0
BRDA:113,4,0,0
BRDA:113,4,1,0
BRDA:117,5,0,0
BRDA:117,5,1,0
BRDA:124,6,0,0
BRDA:124,6,1,0
BRDA:147,7,0,0
BRDA:147,7,1,0
BRDA:182,8,0,0
BRDA:182,8,1,0
BRDA:195,9,0,0
BRDA:195,9,1,0
BRF:20
BRH:0
end_of_record
TN:
SF:util/DatabaseCaller.js
FN:6,(anonymous_0)
FN:12,(anonymous_1)
FN:16,(anonymous_2)
FN:30,(anonymous_3)
FN:43,(anonymous_4)
FN:59,(anonymous_5)
FN:70,(anonymous_6)
FN:100,(anonymous_7)
FN:103,(anonymous_8)
FN:125,(anonymous_9)
FN:129,(anonymous_10)
FN:144,(anonymous_11)
FN:158,(anonymous_12)
FN:177,(anonymous_13)
FNF:14
FNH:0
FNDA:0,(anonymous_0)
FNDA:0,(anonymous_1)
FNDA:0,(anonymous_2)
FNDA:0,(anonymous_3)
FNDA:0,(anonymous_4)
FNDA:0,(anonymous_5)
FNDA:0,(anonymous_6)
FNDA:0,(anonymous_7)
FNDA:0,(anonymous_8)
FNDA:0,(anonymous_9)
FNDA:0,(anonymous_10)
FNDA:0,(anonymous_11)
FNDA:0,(anonymous_12)
FNDA:0,(anonymous_13)
DA:5,2
DA:7,0
DA:8,0
DA:9,0
DA:13,0
DA:17,0
DA:18,0
DA:19,0
DA:20,0
DA:21,0
DA:22,0
DA:25,0
DA:26,0
DA:31,0
DA:32,0
DA:33,0
DA:34,0
DA:35,0
DA:38,0
DA:39,0
DA:44,0
DA:45,0
DA:46,0
DA:47,0
DA:48,0
DA:51,0
DA:54,0
DA:55,0
DA:60,0
DA:61,0
DA:62,0
DA:65,0
DA:66,0
DA:78,0
DA:79,0
DA:80,0
DA:83,0
DA:84,0
DA:86,0
DA:89,0
DA:90,0
DA:91,0
DA:94,0
DA:97,0
DA:101,0
DA:102,0
DA:114,0
DA:115,0
DA:118,0
DA:119,0
DA:120,0
DA:126,0
DA:130,0
DA:131,0
DA:132,0
DA:135,0
DA:136,0
DA:145,0
DA:146,0
DA:147,0
DA:148,0
DA:160,0
DA:161,0
DA:164,0
DA:165,0
DA:168,0
DA:171,0
DA:179,0
DA:180,0
DA:181,0
DA:182,0
DA:183,0
DA:184,0
DA:185,0
DA:188,0
LF:75
LH:1
BRDA:89,0,0,0
BRDA:89,0,1,0
BRDA:118,1,0,0
BRDA:118,1,1,0
BRF:4
BRH:0
end_of_record
TN:
SF:util/FriendService.js
FN:4,(anonymous_0)
FNF:1
FNH:0
FNDA:0,(anonymous_0)
DA:5,0
DA:6,0
DA:7,0
LF:3
LH:0
BRF:0
BRH:0
end_of_record
TN:
SF:util/firebase_queries.js
FN:7,(anonymous_0)
FN:12,(anonymous_1)
FN:19,(anonymous_2)
FN:23,(anonymous_3)
FN:33,(anonymous_4)
FN:38,(anonymous_5)
FN:44,(anonymous_6)
FN:50,(anonymous_7)
FN:56,(anonymous_8)
FN:65,(anonymous_9)
FN:73,(anonymous_10)
FN:82,(anonymous_11)
FN:92,(anonymous_12)
FN:98,(anonymous_13)
FN:105,(anonymous_14)
FN:108,(anonymous_15)
FNF:16
FNH:0
FNDA:0,(anonymous_0)
FNDA:0,(anonymous_1)
FNDA:0,(anonymous_2)
FNDA:0,(anonymous_3)
FNDA:0,(anonymous_4)
FNDA:0,(anonymous_5)
FNDA:0,(anonymous_6)
FNDA:0,(anonymous_7)
FNDA:0,(anonymous_8)
FNDA:0,(anonymous_9)
FNDA:0,(anonymous_10)
FNDA:0,(anonymous_11)
FNDA:0,(anonymous_12)
FNDA:0,(anonymous_13)
FNDA:0,(anonymous_14)
FNDA:0,(anonymous_15)
DA:5,4
DA:8,0
DA:9,0
DA:13,0
DA:14,0
DA:20,0
DA:24,0
DA:25,0
DA:34,0
DA:35,0
DA:36,0
DA:39,0
DA:40,0
DA:42,0
DA:45,0
DA:51,0
DA:57,0
DA:58,0
DA:59,0
DA:66,0
DA:67,0
DA:74,0
DA:75,0
DA:76,0
DA:83,0
DA:84,0
DA:86,0
DA:87,0
DA:88,0
DA:89,0
DA:90,0
DA:93,0
DA:94,0
DA:95,0
DA:99,0
DA:103,0
DA:106,0
DA:109,0
LF:38
LH:1
BRDA:13,0,0,0
BRDA:13,0,1,0
BRDA:24,1,0,0
BRDA:24,1,1,0
BRDA:39,2,0,0
BRDA:39,2,1,0
BRDA:57,3,0,0
BRDA:57,3,1,0
BRDA:58,4,0,0
BRDA:58,4,1,0
BRDA:74,5,0,0
BRDA:74,5,1,0
BRDA:75,6,0,0
BRDA:75,6,1,0
BRDA:89,7,0,0
BRDA:89,7,1,0
BRDA:93,8,0,0
BRDA:93,8,1,0
BRF:18
BRH:0
end_of_record
TN:
SF:util/image_upload.js
FN:2,(anonymous_0)
FN:3,(anonymous_1)
FN:7,(anonymous_2)
FN:10,(anonymous_3)
FN:20,(anonymous_4)
FN:25,(anonymous_5)
FN:27,(anonymous_6)
FN:30,(anonymous_7)
FN:35,(anonymous_8)
FN:42,(anonymous_9)
FN:44,(anonymous_10)
FN:47,(anonymous_11)
FN:54,(anonymous_12)
FN:59,(anonymous_13)
FN:61,(anonymous_14)
FN:63,(anonymous_15)
FN:68,(anonymous_16)
FN:70,(anonymous_17)
FN:72,(anonymous_18)
FN:74,(anonymous_19)
FNF:20
FNH:0
FNDA:0,(anonymous_0)
FNDA:0,(anonymous_1)
FNDA:0,(anonymous_2)
FNDA:0,(anonymous_3)
FNDA:0,(anonymous_4)
FNDA:0,(anonymous_5)
FNDA:0,(anonymous_6)
FNDA:0,(anonymous_7)
FNDA:0,(anonymous_8)
FNDA:0,(anonymous_9)
FNDA:0,(anonymous_10)
FNDA:0,(anonymous_11)
FNDA:0,(anonymous_12)
FNDA:0,(anonymous_13)
FNDA:0,(anonymous_14)
FNDA:0,(anonymous_15)
FNDA:0,(anonymous_16)
FNDA:0,(anonymous_17)
FNDA:0,(anonymous_18)
FNDA:0,(anonymous_19)
DA:2,4
DA:3,0
DA:5,0
DA:7,0
DA:8,0
DA:10,0
DA:11,0
DA:13,0
DA:15,0
DA:16,0
DA:20,4
DA:21,0
DA:22,0
DA:23,0
DA:26,0
DA:27,0
DA:28,0
DA:31,0
DA:35,4
DA:36,0
DA:38,0
DA:40,0
DA:43,0
DA:44,0
DA:45,0
DA:48,0
DA:53,4
DA:55,0
DA:56,0
DA:58,0
DA:60,0
DA:62,0
DA:64,0
DA:69,0
DA:71,0
DA:73,0
DA:75,0
LF:37
LH:4
BRF:0
BRH:0
end_of_record
